[2016-02-08 22:52:14] redis_connection.INFO: Finding key search_engine_brand_active_brands data:  [] []
[2016-02-08 22:52:15] redis_connection.INFO: Finding key search_engine_province_unique_a528640d5de3eafa0b2163ffb694ebc6 data: ["1","2","3","4","5","6","7","8","9","10","11","12","13","14","15","16","17","18","19","20","21","22","23","24","25","26","27","28","29","30","31","32","33","34","35","36","37","38","39","40","41","42","43","44","45","46","47","48","49","50","51","52"] [] []
[2016-02-08 22:52:15] redis_connection.INFO: Finding key search_engine_province_id_1 data: {"id":"1","name":"A Coru\u00f1a","slug":"a-corua","providerIds":{"autoscout":{"name":"A Coru\u00f1a","lat":43.371,"long":8.39},"cochesnet":15}} [] []
[2016-02-08 22:52:15] redis_connection.INFO: Finding key search_engine_province_id_2 data: {"id":"2","name":"Alava","slug":"alava","providerIds":{"autoscout":{"name":"Alava","lat":43.36,"long":6.2},"cochesnet":1}} [] []
[2016-02-08 22:52:15] redis_connection.INFO: Finding key search_engine_province_id_3 data: {"id":"3","name":"Albacete","slug":"albacete","providerIds":{"autoscout":{"name":"Albacete","lat":38.983,"long":-1.85},"cochesnet":2}} [] []
[2016-02-08 22:52:15] redis_connection.INFO: Finding key search_engine_province_id_4 data: {"id":"4","name":"Alicante","slug":"alicante","providerIds":{"autoscout":{"name":"Alicante","lat":38.343,"long":0.479},"cochesnet":3}} [] []
[2016-02-08 22:52:15] redis_connection.INFO: Finding key search_engine_province_id_5 data: {"id":"5","name":"Almer\u00eda","slug":"almera","providerIds":{"autoscout":{"name":"Almer\u00eda","lat":36.83,"long":-2.46},"cochesnet":4}} [] []
[2016-02-08 22:52:15] redis_connection.INFO: Finding key search_engine_province_id_6 data: {"id":"6","name":"Asturias","slug":"asturias","providerIds":{"autoscout":{"name":"Asturias","lat":42.052,"long":-6.489},"cochesnet":33}} [] []
[2016-02-08 22:52:15] redis_connection.INFO: Finding key search_engine_province_id_7 data: {"id":"7","name":"\u00c1vila","slug":"vila","providerIds":{"autoscout":{"name":"\u00c1vila","lat":43.555,"long":-5.925},"cochesnet":5}} [] []
[2016-02-08 22:52:15] redis_connection.INFO: Finding key search_engine_province_id_8 data: {"id":"8","name":"Badajoz","slug":"badajoz","providerIds":{"autoscout":{"name":"Badajoz","lat":38.878,"long":-6.971},"cochesnet":6}} [] []
[2016-02-08 22:52:15] redis_connection.INFO: Finding key search_engine_province_id_9 data: {"id":"9","name":"Baleares","slug":"baleares","providerIds":{"autoscout":{"name":"Baleares","lat":39.57,"long":2.652},"cochesnet":7}} [] []
[2016-02-08 22:52:15] redis_connection.INFO: Finding key search_engine_province_id_10 data: {"id":"10","name":"Barcelona","slug":"barcelona","providerIds":{"autoscout":{"name":"Barcelona","lat":41.389,"long":2.159},"cochesnet":8}} [] []
[2016-02-08 22:52:15] redis_connection.INFO: Finding key search_engine_province_id_11 data: {"id":"11","name":"Burgos","slug":"burgos","providerIds":{"autoscout":{"name":"Burgos","lat":42.35,"long":-3.7},"cochesnet":9}} [] []
[2016-02-08 22:52:15] redis_connection.INFO: Finding key search_engine_province_id_12 data: {"id":"12","name":"C\u00e1ceres","slug":"cceres","providerIds":{"autoscout":{"name":"C\u00e1ceres","lat":39.476,"long":-6.372},"cochesnet":10}} [] []
[2016-02-08 22:52:15] redis_connection.INFO: Finding key search_engine_province_id_13 data: {"id":"13","name":"C\u00e1diz","slug":"cdiz","providerIds":{"autoscout":{"name":"C\u00e1diz","lat":36.534,"long":-6.299},"cochesnet":11}} [] []
[2016-02-08 22:52:15] redis_connection.INFO: Finding key search_engine_province_id_14 data: {"id":"14","name":"Cantabria","slug":"cantabria","providerIds":{"autoscout":{"name":"Cantabria","lat":42.734,"long":-3.467},"cochesnet":39}} [] []
[2016-02-08 22:52:15] redis_connection.INFO: Finding key search_engine_province_id_15 data: {"id":"15","name":"Castell\u00f3n","slug":"castelln","providerIds":{"autoscout":{"name":"Castell\u00f3n","lat":39.983,"long":-0.033},"cochesnet":12}} [] []
[2016-02-08 22:52:15] redis_connection.INFO: Finding key search_engine_province_id_16 data: {"id":"16","name":"Ceuta","slug":"ceuta","providerIds":{"autoscout":{"name":"Ceuta","lat":35.889,"long":-5.32},"cochesnet":51}} [] []
[2016-02-08 22:52:15] redis_connection.INFO: Finding key search_engine_province_id_17 data: {"id":"17","name":"Ciudad Real","slug":"ciudad-real","providerIds":{"autoscout":{"name":"Ciudad Real","lat":38.983,"long":-3.933},"cochesnet":13}} [] []
[2016-02-08 22:52:15] redis_connection.INFO: Finding key search_engine_province_id_18 data: {"id":"18","name":"C\u00f3rdoba","slug":"crdoba","providerIds":{"autoscout":{"name":"C\u00f3rdoba","lat":37.883,"long":-4.767},"cochesnet":14}} [] []
[2016-02-08 22:52:15] redis_connection.INFO: Finding key search_engine_province_id_19 data: {"id":"19","name":"Girona","slug":"girona","providerIds":{"autoscout":{"name":"Girona","lat":41.983,"long":2.825},"cochesnet":17}} [] []
[2016-02-08 22:52:15] redis_connection.INFO: Finding key search_engine_province_id_20 data: {"id":"20","name":"Granada","slug":"granada","providerIds":{"autoscout":{"name":"Granada","lat":37.188,"long":-3.607},"cochesnet":18}} [] []
[2016-02-08 22:52:15] redis_connection.INFO: Finding key search_engine_province_id_21 data: {"id":"21","name":"Guadalajara","slug":"guadalajara","providerIds":{"autoscout":{"name":"Guadalajara","lat":40.633,"long":-3.167},"cochesnet":19}} [] []
[2016-02-08 22:52:15] redis_connection.INFO: Finding key search_engine_province_id_22 data: {"id":"22","name":"Guip\u00fazcoa","slug":"guipzcoa","providerIds":{"autoscout":{"name":"Guip\u00fazcoa","lat":42.85,"long":-2.667},"cochesnet":20}} [] []
[2016-02-08 22:52:15] redis_connection.INFO: Finding key search_engine_province_id_23 data: {"id":"23","name":"Huelva","slug":"huelva","providerIds":{"autoscout":{"name":"Huelva","lat":37.258,"long":-6.951},"cochesnet":21}} [] []
[2016-02-08 22:52:15] redis_connection.INFO: Finding key search_engine_province_id_24 data: {"id":"24","name":"Huesca","slug":"huesca","providerIds":{"autoscout":{"name":"Huesca","lat":42.136,"long":-0.409},"cochesnet":22}} [] []
[2016-02-08 22:52:15] redis_connection.INFO: Finding key search_engine_province_id_25 data: {"id":"25","name":"Ja\u00e9n","slug":"jan","providerIds":{"autoscout":{"name":"Ja\u00e9n","lat":37.767,"long":-3.783},"cochesnet":23}} [] []
[2016-02-08 22:52:15] redis_connection.INFO: Finding key search_engine_province_id_26 data: {"id":"26","name":"La Rioja","slug":"la-rioja","providerIds":{"autoscout":{"name":"La Rioja","lat":36.945,"long":-2.463},"cochesnet":26}} [] []
[2016-02-08 22:52:15] redis_connection.INFO: Finding key search_engine_province_id_27 data: {"id":"27","name":"Las Palmas","slug":"las-palmas","providerIds":{"autoscout":{"name":"Las Palmas","lat":28.1,"long":-15.413},"cochesnet":35}} [] []
[2016-02-08 22:52:15] redis_connection.INFO: Finding key search_engine_province_id_28 data: {"id":"28","name":"Le\u00f3n","slug":"len","providerIds":{"autoscout":{"name":"Le\u00f3n","lat":42.6,"long":-5.567},"cochesnet":24}} [] []
[2016-02-08 22:52:15] redis_connection.INFO: Finding key search_engine_province_id_29 data: {"id":"29","name":"Lleida","slug":"lleida","providerIds":{"autoscout":{"name":"Lleida","lat":41.617,"long":0.617},"cochesnet":25}} [] []
[2016-02-08 22:52:15] redis_connection.INFO: Finding key search_engine_province_id_30 data: {"id":"30","name":"Lugo","slug":"lugo","providerIds":{"autoscout":{"name":"Lugo","lat":43,"long":-7.567},"cochesnet":27}} [] []
[2016-02-08 22:52:15] redis_connection.INFO: Finding key search_engine_province_id_31 data: {"id":"31","name":"Madrid","slug":"madrid","providerIds":{"autoscout":{"name":"Madrid","lat":40.417,"long":-3.703},"cochesnet":28}} [] []
[2016-02-08 22:52:15] redis_connection.INFO: Finding key search_engine_province_id_32 data: {"id":"32","name":"M\u00e1laga","slug":"mlaga","providerIds":{"autoscout":{"name":"M\u00e1laga","lat":36.72,"long":-4.42},"cochesnet":29}} [] []
[2016-02-08 22:52:15] redis_connection.INFO: Finding key search_engine_province_id_33 data: {"id":"33","name":"Melilla","slug":"melilla","providerIds":{"autoscout":{"name":"Melilla","lat":35.294,"long":-2.938},"cochesnet":52}} [] []
[2016-02-08 22:52:15] redis_connection.INFO: Finding key search_engine_province_id_34 data: {"id":"34","name":"Murcia","slug":"murcia","providerIds":{"autoscout":{"name":"Murcia","lat":37.987,"long":-1.13},"cochesnet":30}} [] []
[2016-02-08 22:52:15] redis_connection.INFO: Finding key search_engine_province_id_35 data: {"id":"35","name":"Navarra","slug":"navarra","providerIds":{"autoscout":{"name":"Navarra","lat":39.102,"long":-0.695},"cochesnet":31}} [] []
[2016-02-08 22:52:15] redis_connection.INFO: Finding key search_engine_province_id_36 data: {"id":"36","name":"Orense","slug":"orense","providerIds":{"autoscout":{"name":"Orense","lat":42.333,"long":-7.85},"cochesnet":32}} [] []
[2016-02-08 22:52:15] redis_connection.INFO: Finding key search_engine_province_id_37 data: {"id":"37","name":"Palencia","slug":"palencia","providerIds":{"autoscout":{"name":"Palencia","lat":42.017,"long":-4.533},"cochesnet":34}} [] []
[2016-02-08 22:52:15] redis_connection.INFO: Finding key search_engine_province_id_38 data: {"id":"38","name":"Pontevedra","slug":"pontevedra","providerIds":{"autoscout":{"name":"Pontevedra","lat":"Pontevedra","long":-8.644},"cochesnet":36}} [] []
[2016-02-08 22:52:15] redis_connection.INFO: Finding key search_engine_province_id_39 data: {"id":"39","name":"Salamanca","slug":"salamanca","providerIds":{"autoscout":{"name":"Salamanca","lat":40.967,"long":-5.65},"cochesnet":37}} [] []
[2016-02-08 22:52:15] redis_connection.INFO: Finding key search_engine_province_id_40 data: {"id":"40","name":"Segovia","slug":"segovia","providerIds":{"autoscout":{"name":"Segovia","lat":40.95,"long":-4.117},"cochesnet":40}} [] []
[2016-02-08 22:52:15] redis_connection.INFO: Finding key search_engine_province_id_41 data: {"id":"41","name":"Sevilla","slug":"sevilla","providerIds":{"autoscout":{"name":"Sevilla","lat":37.382,"long":-5.976},"cochesnet":41}} [] []
[2016-02-08 22:52:15] redis_connection.INFO: Finding key search_engine_province_id_42 data: {"id":"42","name":"Soria","slug":"soria","providerIds":{"autoscout":{"name":"Soria","lat":41.764,"long":2.469},"cochesnet":42}} [] []
[2016-02-08 22:52:15] redis_connection.INFO: Finding key search_engine_province_id_43 data: {"id":"43","name":"Sta. C. Tenerife","slug":"sta-c-tenerife","providerIds":{"autoscout":{"name":"Sta. C. Tenerife","lat":28.468,"long":-16.255},"cochesnet":38}} [] []
[2016-02-08 22:52:15] redis_connection.INFO: Finding key search_engine_province_id_44 data: {"id":"44","name":"Tarragona","slug":"tarragona","providerIds":{"autoscout":{"name":"Tarragona","lat":41.117,"long":1.25},"cochesnet":43}} [] []
[2016-02-08 22:52:15] redis_connection.INFO: Finding key search_engine_province_id_45 data: {"id":"45","name":"Teruel","slug":"teruel","providerIds":{"autoscout":{"name":"Teruel","lat":40.346,"long":-1.106},"cochesnet":44}} [] []
[2016-02-08 22:52:15] redis_connection.INFO: Finding key search_engine_province_id_46 data: {"id":"46","name":"Toledo","slug":"toledo","providerIds":{"autoscout":{"name":"Toledo","lat":39.858,"long":-4.023},"cochesnet":45}} [] []
[2016-02-08 22:52:15] redis_connection.INFO: Finding key search_engine_province_id_47 data: {"id":"47","name":"Valencia","slug":"valencia","providerIds":{"autoscout":{"name":"Valencia","lat":39.47,"long":-0.377},"cochesnet":46}} [] []
[2016-02-08 22:52:15] redis_connection.INFO: Finding key search_engine_province_id_48 data: {"id":"48","name":"Valladolid","slug":"valladolid","providerIds":{"autoscout":{"name":"Valladolid","lat":41.655,"long":-4.724},"cochesnet":47}} [] []
[2016-02-08 22:52:15] redis_connection.INFO: Finding key search_engine_province_id_49 data: {"id":"49","name":"Vizcaya","slug":"vizcaya","providerIds":{"autoscout":{"name":"Vizcaya","lat":42.1,"long":-3.267},"cochesnet":48}} [] []
[2016-02-08 22:52:15] redis_connection.INFO: Finding key search_engine_province_id_50 data: {"id":"50","name":"Zamora","slug":"zamora","providerIds":{"autoscout":{"name":"Zamora","lat":41.5,"long":-5.75},"cochesnet":49}} [] []
[2016-02-08 22:52:15] redis_connection.INFO: Finding key search_engine_province_id_51 data: {"id":"51","name":"Zaragoza","slug":"zaragoza","providerIds":{"autoscout":{"name":"Zaragoza","lat":41.656,"long":"- 0.877"},"cochesnet":50}} [] []
[2016-02-08 22:52:15] redis_connection.INFO: Finding key search_engine_province_id_52 data: {"id":"52","name":"Cuenca","slug":"cuenca","providerIds":{"cochesnet":16}} [] []
[2016-02-08 22:52:23] redis_connection.INFO: Finding key search_engine_province_unique_c7a22b2b28af7c13e939e874ecdfc826 data:  [] []
[2016-02-08 22:52:23] redis_connection.INFO: Finding key search_engine_province_unique_b5834d7ce5f0ea5747b41eb6b625d98f data:  [] []
[2016-02-08 22:52:23] redis_connection.INFO: Finding key search_engine_province_unique_b5834d7ce5f0ea5747b41eb6b625d98f data:  [] []
[2016-02-08 22:52:23] redis_connection.INFO: Finding key search_engine_province_unique_a2f05fa5f8dee60aa4893e5da55b2e85 data:  [] []
[2016-02-08 22:52:23] redis_connection.INFO: Finding key search_engine_province_unique_b5834d7ce5f0ea5747b41eb6b625d98f data:  [] []
[2016-02-08 22:52:23] redis_connection.INFO: Finding key search_engine_province_unique_c7a22b2b28af7c13e939e874ecdfc826 data:  [] []
[2016-02-08 22:52:23] redis_connection.INFO: Finding key search_engine_province_unique_c7a22b2b28af7c13e939e874ecdfc826 data:  [] []
[2016-02-08 22:52:23] redis_connection.INFO: Finding key search_engine_province_unique_b5834d7ce5f0ea5747b41eb6b625d98f data:  [] []
[2016-02-08 22:52:23] redis_connection.INFO: Finding key search_engine_province_unique_292b67f27ebea43e654475a7cbfd107e data:  [] []
[2016-02-08 22:52:23] redis_connection.INFO: Finding key search_engine_province_unique_7336e771a9f10e80c0e9a71e6fa08f57 data:  [] []
[2016-02-08 22:52:23] redis_connection.INFO: Finding key search_engine_province_unique_b96e508e6359fb625aa82c17cf59bab8 data:  [] []
[2016-02-08 22:52:23] redis_connection.INFO: Finding key search_engine_province_unique_b96e508e6359fb625aa82c17cf59bab8 data:  [] []
[2016-02-08 22:52:23] redis_connection.INFO: Finding key search_engine_province_unique_01e8434b7139d067d6356041465185dd data:  [] []
[2016-02-08 22:52:23] redis_connection.INFO: Finding key search_engine_province_unique_a1ca88b614ed8a8e84fcbbc95b58f1e4 data:  [] []
[2016-02-08 22:52:23] redis_connection.INFO: Finding key search_engine_province_unique_c7a22b2b28af7c13e939e874ecdfc826 data:  [] []
[2016-02-08 22:54:07] redis_connection.INFO: Storing new key search_engine_result_url_d331fe1ebbd9527a3961054c1b67649e FOR $timeout miliseconds, data: [false] [] []
[2016-02-08 22:54:31] redis_connection.INFO: Storing new key search_engine_result_url_b7fe95cdeda8bfc2361284d10ec2a6ca FOR $timeout miliseconds, data: ["1"] [] []
[2016-02-08 22:54:33] redis_connection.INFO: Storing new key search_engine_result_url_506003002a8162cffb477656d19cbd96 FOR $timeout miliseconds, data: ["2"] [] []
[2016-02-08 22:54:35] redis_connection.INFO: Storing new key search_engine_result_url_87741950b1b0b437abaf565c7d8ffaf1 FOR $timeout miliseconds, data: ["3"] [] []
[2016-02-08 22:54:36] redis_connection.INFO: Storing new key search_engine_result_url_b21a99312c08394877778fcee30230a5 FOR $timeout miliseconds, data: ["4"] [] []
[2016-02-08 22:54:36] redis_connection.INFO: Storing new key search_engine_result_url_365105069d21866a670a9d89d66adac0 FOR $timeout miliseconds, data: ["5"] [] []
[2016-02-08 22:54:36] redis_connection.INFO: Storing new key search_engine_result_url_43c2b492c9f95d7cef48ca50761d9ec0 FOR $timeout miliseconds, data: ["6"] [] []
[2016-02-08 22:54:37] redis_connection.INFO: Storing new key search_engine_result_url_6b5f544f5f3939da4cb99e65917d3a38 FOR $timeout miliseconds, data: ["7"] [] []
[2016-02-08 22:54:37] redis_connection.INFO: Storing new key search_engine_result_url_cd0a58a9aeb6c48b9adff457f8cd0338 FOR $timeout miliseconds, data: ["8"] [] []
[2016-02-08 22:54:38] redis_connection.INFO: Storing new key search_engine_result_url_c7ce5c8cdef65cae58c50c3077e8197c FOR $timeout miliseconds, data: ["9"] [] []
[2016-02-08 22:54:38] redis_connection.INFO: Storing new key search_engine_result_url_9610d56a711f3f7db3449f4946ee2abb FOR $timeout miliseconds, data: ["10"] [] []
[2016-02-08 22:54:39] redis_connection.INFO: Storing new key search_engine_result_url_d5026e8b5277ea94086466a7239ca455 FOR $timeout miliseconds, data: ["11"] [] []
[2016-02-08 22:54:39] redis_connection.INFO: Storing new key search_engine_result_url_e34cdb0323cbc6ccabb6b41f1b6a0e50 FOR $timeout miliseconds, data: ["12"] [] []
[2016-02-08 22:54:39] redis_connection.INFO: Storing new key search_engine_result_url_7a3ca906623544d902e0676db8a2c8a5 FOR $timeout miliseconds, data: ["13"] [] []
[2016-02-08 22:54:40] redis_connection.INFO: Storing new key search_engine_result_url_a2ce74f0002668c179f611efafd1bdb2 FOR $timeout miliseconds, data: ["14"] [] []
[2016-02-08 22:54:40] redis_connection.INFO: Finding key search_engine_result_ data:  [] []
[2016-02-08 22:54:40] redis_connection.INFO: Finding key search_engine_result_1 data:  [] []
[2016-02-08 22:54:40] redis_connection.INFO: Storing new key search_engine_result_url_b7fe95cdeda8bfc2361284d10ec2a6ca FOR $timeout miliseconds, data: ["1"] [] []
[2016-02-08 22:54:40] redis_connection.INFO: Finding key search_engine_result_2 data:  [] []
[2016-02-08 22:54:40] redis_connection.INFO: Storing new key search_engine_result_url_506003002a8162cffb477656d19cbd96 FOR $timeout miliseconds, data: ["2"] [] []
[2016-02-08 22:54:41] redis_connection.INFO: Finding key search_engine_result_3 data:  [] []
[2016-02-08 22:54:41] redis_connection.INFO: Storing new key search_engine_result_url_87741950b1b0b437abaf565c7d8ffaf1 FOR $timeout miliseconds, data: ["3"] [] []
[2016-02-08 22:54:41] redis_connection.INFO: Finding key search_engine_result_4 data:  [] []
[2016-02-08 22:54:41] redis_connection.INFO: Storing new key search_engine_result_url_b21a99312c08394877778fcee30230a5 FOR $timeout miliseconds, data: ["4"] [] []
[2016-02-08 22:54:41] redis_connection.INFO: Finding key search_engine_result_5 data:  [] []
[2016-02-08 22:54:41] redis_connection.INFO: Storing new key search_engine_result_url_365105069d21866a670a9d89d66adac0 FOR $timeout miliseconds, data: ["5"] [] []
[2016-02-08 22:54:42] redis_connection.INFO: Finding key search_engine_result_6 data:  [] []
[2016-02-08 22:54:42] redis_connection.INFO: Storing new key search_engine_result_url_43c2b492c9f95d7cef48ca50761d9ec0 FOR $timeout miliseconds, data: ["6"] [] []
[2016-02-08 22:54:42] redis_connection.INFO: Finding key search_engine_result_7 data:  [] []
[2016-02-08 22:54:42] redis_connection.INFO: Storing new key search_engine_result_url_6b5f544f5f3939da4cb99e65917d3a38 FOR $timeout miliseconds, data: ["7"] [] []
[2016-02-08 22:54:42] redis_connection.INFO: Finding key search_engine_result_8 data:  [] []
[2016-02-08 22:54:42] redis_connection.INFO: Storing new key search_engine_result_url_cd0a58a9aeb6c48b9adff457f8cd0338 FOR $timeout miliseconds, data: ["8"] [] []
[2016-02-08 22:54:42] redis_connection.INFO: Finding key search_engine_result_9 data:  [] []
[2016-02-08 22:54:42] redis_connection.INFO: Storing new key search_engine_result_url_c7ce5c8cdef65cae58c50c3077e8197c FOR $timeout miliseconds, data: ["9"] [] []
[2016-02-08 22:54:42] redis_connection.INFO: Finding key search_engine_result_10 data:  [] []
[2016-02-08 22:54:42] redis_connection.INFO: Storing new key search_engine_result_url_9610d56a711f3f7db3449f4946ee2abb FOR $timeout miliseconds, data: ["10"] [] []
[2016-02-08 22:54:43] redis_connection.INFO: Finding key search_engine_result_11 data:  [] []
[2016-02-08 22:54:43] redis_connection.INFO: Storing new key search_engine_result_url_d5026e8b5277ea94086466a7239ca455 FOR $timeout miliseconds, data: ["11"] [] []
[2016-02-08 22:54:43] redis_connection.INFO: Finding key search_engine_result_12 data:  [] []
[2016-02-08 22:54:43] redis_connection.INFO: Storing new key search_engine_result_url_e34cdb0323cbc6ccabb6b41f1b6a0e50 FOR $timeout miliseconds, data: ["12"] [] []
[2016-02-08 22:54:43] redis_connection.INFO: Finding key search_engine_result_13 data:  [] []
[2016-02-08 22:54:43] redis_connection.INFO: Storing new key search_engine_result_url_7a3ca906623544d902e0676db8a2c8a5 FOR $timeout miliseconds, data: ["13"] [] []
[2016-02-08 22:54:43] redis_connection.INFO: Finding key search_engine_result_14 data:  [] []
[2016-02-08 22:54:43] redis_connection.INFO: Storing new key search_engine_result_url_a2ce74f0002668c179f611efafd1bdb2 FOR $timeout miliseconds, data: ["14"] [] []
[2016-02-08 22:55:35] redis_connection.INFO: Finding key search_engine_province_unique_c7a22b2b28af7c13e939e874ecdfc826 data:  [] []
[2016-02-08 22:55:35] redis_connection.INFO: Finding key search_engine_province_unique_b5834d7ce5f0ea5747b41eb6b625d98f data:  [] []
[2016-02-08 22:55:35] redis_connection.INFO: Finding key search_engine_province_unique_b5834d7ce5f0ea5747b41eb6b625d98f data:  [] []
[2016-02-08 22:55:35] redis_connection.INFO: Finding key search_engine_province_unique_a2f05fa5f8dee60aa4893e5da55b2e85 data:  [] []
[2016-02-08 22:55:35] redis_connection.INFO: Finding key search_engine_province_unique_b5834d7ce5f0ea5747b41eb6b625d98f data:  [] []
[2016-02-08 22:55:35] redis_connection.INFO: Finding key search_engine_province_unique_c7a22b2b28af7c13e939e874ecdfc826 data:  [] []
[2016-02-08 22:55:35] redis_connection.INFO: Finding key search_engine_province_unique_c7a22b2b28af7c13e939e874ecdfc826 data:  [] []
[2016-02-08 22:55:35] redis_connection.INFO: Finding key search_engine_province_unique_b5834d7ce5f0ea5747b41eb6b625d98f data:  [] []
[2016-02-08 22:55:35] redis_connection.INFO: Finding key search_engine_province_unique_292b67f27ebea43e654475a7cbfd107e data:  [] []
[2016-02-08 22:55:35] redis_connection.INFO: Finding key search_engine_province_unique_7336e771a9f10e80c0e9a71e6fa08f57 data:  [] []
[2016-02-08 22:55:35] redis_connection.INFO: Finding key search_engine_province_unique_b96e508e6359fb625aa82c17cf59bab8 data:  [] []
[2016-02-08 22:55:35] redis_connection.INFO: Finding key search_engine_province_unique_b96e508e6359fb625aa82c17cf59bab8 data:  [] []
[2016-02-08 22:55:35] redis_connection.INFO: Finding key search_engine_province_unique_01e8434b7139d067d6356041465185dd data:  [] []
[2016-02-08 22:55:35] redis_connection.INFO: Finding key search_engine_province_unique_a1ca88b614ed8a8e84fcbbc95b58f1e4 data:  [] []
[2016-02-08 22:55:35] redis_connection.INFO: Finding key search_engine_province_unique_c7a22b2b28af7c13e939e874ecdfc826 data:  [] []
[2016-02-08 22:55:35] redis_connection.INFO: Storing new key search_engine_result_url_e482ece940f5c4c168a62807d2ceca60 FOR $timeout miliseconds, data: ["15"] [] []
[2016-02-08 22:55:35] redis_connection.INFO: Storing new key search_engine_result_url_b7fe95cdeda8bfc2361284d10ec2a6ca FOR $timeout miliseconds, data: ["16"] [] []
[2016-02-08 22:55:35] redis_connection.INFO: Storing new key search_engine_result_url_506003002a8162cffb477656d19cbd96 FOR $timeout miliseconds, data: ["17"] [] []
[2016-02-08 22:55:35] redis_connection.INFO: Storing new key search_engine_result_url_87741950b1b0b437abaf565c7d8ffaf1 FOR $timeout miliseconds, data: ["18"] [] []
[2016-02-08 22:55:35] redis_connection.INFO: Storing new key search_engine_result_url_b21a99312c08394877778fcee30230a5 FOR $timeout miliseconds, data: ["19"] [] []
[2016-02-08 22:55:35] redis_connection.INFO: Storing new key search_engine_result_url_365105069d21866a670a9d89d66adac0 FOR $timeout miliseconds, data: ["20"] [] []
[2016-02-08 22:55:35] redis_connection.INFO: Storing new key search_engine_result_url_43c2b492c9f95d7cef48ca50761d9ec0 FOR $timeout miliseconds, data: ["21"] [] []
[2016-02-08 22:55:35] redis_connection.INFO: Storing new key search_engine_result_url_6b5f544f5f3939da4cb99e65917d3a38 FOR $timeout miliseconds, data: ["22"] [] []
[2016-02-08 22:55:35] redis_connection.INFO: Storing new key search_engine_result_url_cd0a58a9aeb6c48b9adff457f8cd0338 FOR $timeout miliseconds, data: ["23"] [] []
[2016-02-08 22:55:35] redis_connection.INFO: Storing new key search_engine_result_url_c7ce5c8cdef65cae58c50c3077e8197c FOR $timeout miliseconds, data: ["24"] [] []
[2016-02-08 22:55:35] redis_connection.INFO: Storing new key search_engine_result_url_9610d56a711f3f7db3449f4946ee2abb FOR $timeout miliseconds, data: ["25"] [] []
[2016-02-08 22:55:35] redis_connection.INFO: Storing new key search_engine_result_url_d5026e8b5277ea94086466a7239ca455 FOR $timeout miliseconds, data: ["26"] [] []
[2016-02-08 22:55:35] redis_connection.INFO: Storing new key search_engine_result_url_e34cdb0323cbc6ccabb6b41f1b6a0e50 FOR $timeout miliseconds, data: ["27"] [] []
[2016-02-08 22:55:35] redis_connection.INFO: Storing new key search_engine_result_url_7a3ca906623544d902e0676db8a2c8a5 FOR $timeout miliseconds, data: ["28"] [] []
[2016-02-08 22:55:35] redis_connection.INFO: Storing new key search_engine_result_url_a2ce74f0002668c179f611efafd1bdb2 FOR $timeout miliseconds, data: ["29"] [] []
[2016-02-08 22:55:35] redis_connection.INFO: Finding key search_engine_result_15 data:  [] []
[2016-02-08 22:55:35] redis_connection.INFO: Storing new key search_engine_result_url_e482ece940f5c4c168a62807d2ceca60 FOR $timeout miliseconds, data: ["15"] [] []
[2016-02-08 22:55:35] redis_connection.INFO: Finding key search_engine_result_16 data:  [] []
[2016-02-08 22:55:35] redis_connection.INFO: Storing new key search_engine_result_url_b7fe95cdeda8bfc2361284d10ec2a6ca FOR $timeout miliseconds, data: ["16"] [] []
[2016-02-08 22:55:35] redis_connection.INFO: Finding key search_engine_result_17 data:  [] []
[2016-02-08 22:55:35] redis_connection.INFO: Storing new key search_engine_result_url_506003002a8162cffb477656d19cbd96 FOR $timeout miliseconds, data: ["17"] [] []
[2016-02-08 22:55:35] redis_connection.INFO: Finding key search_engine_result_18 data:  [] []
[2016-02-08 22:55:35] redis_connection.INFO: Storing new key search_engine_result_url_87741950b1b0b437abaf565c7d8ffaf1 FOR $timeout miliseconds, data: ["18"] [] []
[2016-02-08 22:55:35] redis_connection.INFO: Finding key search_engine_result_19 data:  [] []
[2016-02-08 22:55:35] redis_connection.INFO: Storing new key search_engine_result_url_b21a99312c08394877778fcee30230a5 FOR $timeout miliseconds, data: ["19"] [] []
[2016-02-08 22:55:35] redis_connection.INFO: Finding key search_engine_result_20 data:  [] []
[2016-02-08 22:55:35] redis_connection.INFO: Storing new key search_engine_result_url_365105069d21866a670a9d89d66adac0 FOR $timeout miliseconds, data: ["20"] [] []
[2016-02-08 22:55:35] redis_connection.INFO: Finding key search_engine_result_21 data:  [] []
[2016-02-08 22:55:35] redis_connection.INFO: Storing new key search_engine_result_url_43c2b492c9f95d7cef48ca50761d9ec0 FOR $timeout miliseconds, data: ["21"] [] []
[2016-02-08 22:55:35] redis_connection.INFO: Finding key search_engine_result_22 data:  [] []
[2016-02-08 22:55:35] redis_connection.INFO: Storing new key search_engine_result_url_6b5f544f5f3939da4cb99e65917d3a38 FOR $timeout miliseconds, data: ["22"] [] []
[2016-02-08 22:55:35] redis_connection.INFO: Finding key search_engine_result_23 data:  [] []
[2016-02-08 22:55:35] redis_connection.INFO: Storing new key search_engine_result_url_cd0a58a9aeb6c48b9adff457f8cd0338 FOR $timeout miliseconds, data: ["23"] [] []
[2016-02-08 22:55:35] redis_connection.INFO: Finding key search_engine_result_24 data:  [] []
[2016-02-08 22:55:35] redis_connection.INFO: Storing new key search_engine_result_url_c7ce5c8cdef65cae58c50c3077e8197c FOR $timeout miliseconds, data: ["24"] [] []
[2016-02-08 22:55:35] redis_connection.INFO: Finding key search_engine_result_25 data:  [] []
[2016-02-08 22:55:35] redis_connection.INFO: Storing new key search_engine_result_url_9610d56a711f3f7db3449f4946ee2abb FOR $timeout miliseconds, data: ["25"] [] []
[2016-02-08 22:55:35] redis_connection.INFO: Finding key search_engine_result_26 data:  [] []
[2016-02-08 22:55:35] redis_connection.INFO: Storing new key search_engine_result_url_d5026e8b5277ea94086466a7239ca455 FOR $timeout miliseconds, data: ["26"] [] []
[2016-02-08 22:55:35] redis_connection.INFO: Finding key search_engine_result_27 data:  [] []
[2016-02-08 22:55:35] redis_connection.INFO: Storing new key search_engine_result_url_e34cdb0323cbc6ccabb6b41f1b6a0e50 FOR $timeout miliseconds, data: ["27"] [] []
[2016-02-08 22:55:35] redis_connection.INFO: Finding key search_engine_result_28 data:  [] []
[2016-02-08 22:55:35] redis_connection.INFO: Storing new key search_engine_result_url_7a3ca906623544d902e0676db8a2c8a5 FOR $timeout miliseconds, data: ["28"] [] []
[2016-02-08 22:55:35] redis_connection.INFO: Finding key search_engine_result_29 data:  [] []
[2016-02-08 22:55:35] redis_connection.INFO: Storing new key search_engine_result_url_a2ce74f0002668c179f611efafd1bdb2 FOR $timeout miliseconds, data: ["29"] [] []
[2016-02-08 22:55:38] redis_connection.INFO: Finding key search_engine_province_slug_Alpedrete, Madrid data:  [] []
[2016-02-08 22:55:38] redis_connection.INFO: Finding key search_engine_province_slug_Navaconcejo data:  [] []
[2016-02-08 22:55:38] redis_connection.INFO: Finding key search_engine_province_slug_Velilla de San Antonio data:  [] []
[2016-02-08 22:55:38] redis_connection.INFO: Finding key search_engine_province_slug_Marbella- M치laga data:  [] []
[2016-02-08 22:55:38] redis_connection.INFO: Finding key search_engine_province_slug_Barcelona data:  [] []
[2016-02-08 22:55:38] redis_connection.INFO: Finding key search_engine_province_slug_Alicante data:  [] []
[2016-02-08 22:55:38] redis_connection.INFO: Finding key search_engine_province_slug_Matar칩 data:  [] []
[2016-02-08 22:55:38] redis_connection.INFO: Finding key search_engine_province_slug_Velilla de San Antonio data:  [] []
[2016-02-08 22:55:38] redis_connection.INFO: Finding key search_engine_province_slug_Velilla de San Antonio data:  [] []
[2016-02-08 22:55:38] redis_connection.INFO: Finding key search_engine_province_slug_Madrid data:  [] []
[2016-02-08 22:55:38] redis_connection.INFO: Finding key search_engine_province_slug_Almendralejo data:  [] []
[2016-02-08 22:55:38] redis_connection.INFO: Finding key search_engine_province_slug_Barcelona data:  [] []
[2016-02-08 22:55:38] redis_connection.INFO: Finding key search_engine_province_slug_Velilla de San Antonio data:  [] []
[2016-02-08 22:55:38] redis_connection.INFO: Finding key search_engine_province_slug_Velilla de San Antonio data:  [] []
[2016-02-08 22:55:38] redis_connection.INFO: Finding key search_engine_province_slug_Velilla de San Antonio data:  [] []
[2016-02-08 22:55:38] redis_connection.INFO: Finding key search_engine_province_slug_Valls data:  [] []
[2016-02-08 22:55:38] redis_connection.INFO: Finding key search_engine_province_slug_Durango data:  [] []
[2016-02-08 22:55:38] redis_connection.INFO: Finding key search_engine_province_slug_Getxo data:  [] []
[2016-02-08 22:55:38] redis_connection.INFO: Finding key search_engine_province_slug_Matar칩 data:  [] []
[2016-02-08 22:55:38] redis_connection.INFO: Finding key search_engine_province_slug_Matar칩 data:  [] []
[2016-02-08 22:55:38] redis_connection.INFO: Storing new key search_engine_result_url_d6fd2ac508085e9a90f19f009d8fc790 FOR $timeout miliseconds, data: [false] [] []
[2016-02-08 22:55:38] redis_connection.INFO: Storing new key search_engine_result_url_8858371d2ac726c0d572fe73d471074f FOR $timeout miliseconds, data: [false] [] []
[2016-02-08 22:55:38] redis_connection.INFO: Storing new key search_engine_result_url_aaa511c4bc9192a29b059cc5de4040c1 FOR $timeout miliseconds, data: [false] [] []
[2016-02-08 22:55:38] redis_connection.INFO: Storing new key search_engine_result_url_5c0dbc0f66c8d6b9e19e69b6baace68d FOR $timeout miliseconds, data: [false] [] []
[2016-02-08 22:55:38] redis_connection.INFO: Storing new key search_engine_result_url_42afe8fe898a6b8f122a70b652edcc55 FOR $timeout miliseconds, data: [false] [] []
[2016-02-08 22:55:38] redis_connection.INFO: Storing new key search_engine_result_url_d7a8d8cfd08406253d4140928558380f FOR $timeout miliseconds, data: [false] [] []
[2016-02-08 22:55:38] redis_connection.INFO: Storing new key search_engine_result_url_f40bb4584071330964c78102213d6ae5 FOR $timeout miliseconds, data: [false] [] []
[2016-02-08 22:55:38] redis_connection.INFO: Storing new key search_engine_result_url_228e9432526f7ac40c845e2f4d8c57f4 FOR $timeout miliseconds, data: [false] [] []
[2016-02-08 22:55:38] redis_connection.INFO: Storing new key search_engine_result_url_5a752bab90192293b85b65cd072a0a0f FOR $timeout miliseconds, data: [false] [] []
[2016-02-08 22:55:38] redis_connection.INFO: Storing new key search_engine_result_url_279b0938ef8a18dfee9cfafaac3c7eaa FOR $timeout miliseconds, data: [false] [] []
[2016-02-08 22:55:38] redis_connection.INFO: Storing new key search_engine_result_url_b7c27edee59e56b6a6cb4be7f62f4bf6 FOR $timeout miliseconds, data: [false] [] []
[2016-02-08 22:55:38] redis_connection.INFO: Storing new key search_engine_result_url_78009e1c9e2b6a147cf3096fa0921326 FOR $timeout miliseconds, data: [false] [] []
[2016-02-08 22:55:38] redis_connection.INFO: Storing new key search_engine_result_url_d7cf2b8ad01d812ef418778450e5fcdb FOR $timeout miliseconds, data: [false] [] []
[2016-02-08 22:55:38] redis_connection.INFO: Storing new key search_engine_result_url_29fa4900282b08fddb130708b5c0ae5d FOR $timeout miliseconds, data: [false] [] []
[2016-02-08 22:55:38] redis_connection.INFO: Storing new key search_engine_result_url_b0afb1db6cee63f00483437b3b01de9d FOR $timeout miliseconds, data: [false] [] []
[2016-02-08 22:55:38] redis_connection.INFO: Storing new key search_engine_result_url_6bfde1fe37899765f7cbb56b7fc6a330 FOR $timeout miliseconds, data: [false] [] []
[2016-02-08 22:55:38] redis_connection.INFO: Storing new key search_engine_result_url_d602e758f55c3b20cf179f77e33160a2 FOR $timeout miliseconds, data: [false] [] []
[2016-02-08 22:55:38] redis_connection.INFO: Storing new key search_engine_result_url_059bd0a460f02dc76110efabdf10da54 FOR $timeout miliseconds, data: [false] [] []
[2016-02-08 22:55:38] redis_connection.INFO: Storing new key search_engine_result_url_bd2d28e04981790874e15b5ad882d2d4 FOR $timeout miliseconds, data: [false] [] []
[2016-02-08 22:55:38] redis_connection.INFO: Storing new key search_engine_result_url_d975b8f5d32cbe9fa8304cb4c984db13 FOR $timeout miliseconds, data: [false] [] []
[2016-02-08 22:55:38] redis_connection.INFO: Finding key search_engine_result_15 data:  [] []
[2016-02-08 22:55:38] redis_connection.INFO: Storing new key search_engine_result_url_e482ece940f5c4c168a62807d2ceca60 FOR $timeout miliseconds, data: ["15"] [] []
[2016-02-08 22:55:38] redis_connection.INFO: Finding key search_engine_result_16 data:  [] []
[2016-02-08 22:55:38] redis_connection.INFO: Storing new key search_engine_result_url_b7fe95cdeda8bfc2361284d10ec2a6ca FOR $timeout miliseconds, data: ["16"] [] []
[2016-02-08 22:55:38] redis_connection.INFO: Finding key search_engine_result_17 data:  [] []
[2016-02-08 22:55:38] redis_connection.INFO: Storing new key search_engine_result_url_506003002a8162cffb477656d19cbd96 FOR $timeout miliseconds, data: ["17"] [] []
[2016-02-08 22:55:38] redis_connection.INFO: Finding key search_engine_result_18 data:  [] []
[2016-02-08 22:55:38] redis_connection.INFO: Storing new key search_engine_result_url_87741950b1b0b437abaf565c7d8ffaf1 FOR $timeout miliseconds, data: ["18"] [] []
[2016-02-08 22:55:38] redis_connection.INFO: Finding key search_engine_result_19 data:  [] []
[2016-02-08 22:55:38] redis_connection.INFO: Storing new key search_engine_result_url_b21a99312c08394877778fcee30230a5 FOR $timeout miliseconds, data: ["19"] [] []
[2016-02-08 22:55:38] redis_connection.INFO: Finding key search_engine_result_20 data:  [] []
[2016-02-08 22:55:38] redis_connection.INFO: Storing new key search_engine_result_url_365105069d21866a670a9d89d66adac0 FOR $timeout miliseconds, data: ["20"] [] []
[2016-02-08 22:55:38] redis_connection.INFO: Finding key search_engine_result_21 data:  [] []
[2016-02-08 22:55:38] redis_connection.INFO: Storing new key search_engine_result_url_43c2b492c9f95d7cef48ca50761d9ec0 FOR $timeout miliseconds, data: ["21"] [] []
[2016-02-08 22:55:38] redis_connection.INFO: Finding key search_engine_result_22 data:  [] []
[2016-02-08 22:55:38] redis_connection.INFO: Storing new key search_engine_result_url_6b5f544f5f3939da4cb99e65917d3a38 FOR $timeout miliseconds, data: ["22"] [] []
[2016-02-08 22:55:38] redis_connection.INFO: Finding key search_engine_result_23 data:  [] []
[2016-02-08 22:55:38] redis_connection.INFO: Storing new key search_engine_result_url_cd0a58a9aeb6c48b9adff457f8cd0338 FOR $timeout miliseconds, data: ["23"] [] []
[2016-02-08 22:55:38] redis_connection.INFO: Finding key search_engine_result_24 data:  [] []
[2016-02-08 22:55:38] redis_connection.INFO: Storing new key search_engine_result_url_c7ce5c8cdef65cae58c50c3077e8197c FOR $timeout miliseconds, data: ["24"] [] []
[2016-02-08 22:55:38] redis_connection.INFO: Finding key search_engine_result_25 data:  [] []
[2016-02-08 22:55:38] redis_connection.INFO: Storing new key search_engine_result_url_9610d56a711f3f7db3449f4946ee2abb FOR $timeout miliseconds, data: ["25"] [] []
[2016-02-08 22:55:38] redis_connection.INFO: Finding key search_engine_result_26 data:  [] []
[2016-02-08 22:55:38] redis_connection.INFO: Storing new key search_engine_result_url_d5026e8b5277ea94086466a7239ca455 FOR $timeout miliseconds, data: ["26"] [] []
[2016-02-08 22:55:38] redis_connection.INFO: Finding key search_engine_result_27 data:  [] []
[2016-02-08 22:55:38] redis_connection.INFO: Storing new key search_engine_result_url_e34cdb0323cbc6ccabb6b41f1b6a0e50 FOR $timeout miliseconds, data: ["27"] [] []
[2016-02-08 22:55:38] redis_connection.INFO: Finding key search_engine_result_28 data:  [] []
[2016-02-08 22:55:38] redis_connection.INFO: Storing new key search_engine_result_url_7a3ca906623544d902e0676db8a2c8a5 FOR $timeout miliseconds, data: ["28"] [] []
[2016-02-08 22:55:38] redis_connection.INFO: Finding key search_engine_result_29 data:  [] []
[2016-02-08 22:55:38] redis_connection.INFO: Storing new key search_engine_result_url_a2ce74f0002668c179f611efafd1bdb2 FOR $timeout miliseconds, data: ["29"] [] []
[2016-02-08 22:55:38] redis_connection.INFO: Finding key search_engine_result_ data:  [] []
[2016-02-08 22:55:38] redis_connection.INFO: Finding key search_engine_result_ data:  [] []
[2016-02-08 22:55:38] redis_connection.INFO: Finding key search_engine_result_ data:  [] []
[2016-02-08 22:55:38] redis_connection.INFO: Finding key search_engine_result_ data:  [] []
[2016-02-08 22:55:38] redis_connection.INFO: Finding key search_engine_result_ data:  [] []
[2016-02-08 22:55:38] redis_connection.INFO: Finding key search_engine_result_ data:  [] []
[2016-02-08 22:55:38] redis_connection.INFO: Finding key search_engine_result_ data:  [] []
[2016-02-08 22:55:38] redis_connection.INFO: Finding key search_engine_result_ data:  [] []
[2016-02-08 22:55:38] redis_connection.INFO: Finding key search_engine_result_ data:  [] []
[2016-02-08 22:55:38] redis_connection.INFO: Finding key search_engine_result_ data:  [] []
[2016-02-08 22:55:38] redis_connection.INFO: Finding key search_engine_result_ data:  [] []
[2016-02-08 22:55:38] redis_connection.INFO: Finding key search_engine_result_ data:  [] []
[2016-02-08 22:55:38] redis_connection.INFO: Finding key search_engine_result_ data:  [] []
[2016-02-08 22:55:38] redis_connection.INFO: Finding key search_engine_result_ data:  [] []
[2016-02-08 22:55:38] redis_connection.INFO: Finding key search_engine_result_ data:  [] []
[2016-02-08 22:55:38] redis_connection.INFO: Finding key search_engine_result_ data:  [] []
[2016-02-08 22:55:38] redis_connection.INFO: Finding key search_engine_result_ data:  [] []
[2016-02-08 22:55:38] redis_connection.INFO: Finding key search_engine_result_ data:  [] []
[2016-02-08 22:55:38] redis_connection.INFO: Finding key search_engine_result_ data:  [] []
[2016-02-08 22:55:38] redis_connection.INFO: Finding key search_engine_result_ data:  [] []
[2016-02-08 22:55:54] redis_connection.INFO: Finding key search_engine_brand_active_brands data:  [] []
[2016-02-08 22:55:54] redis_connection.INFO: Finding key search_engine_province_unique_a528640d5de3eafa0b2163ffb694ebc6 data: ["1","2","3","4","5","6","7","8","9","10","11","12","13","14","15","16","17","18","19","20","21","22","23","24","25","26","27","28","29","30","31","32","33","34","35","36","37","38","39","40","41","42","43","44","45","46","47","48","49","50","51","52"] [] []
[2016-02-08 22:55:54] redis_connection.INFO: Finding key search_engine_province_id_1 data: {"id":"1","name":"A Coru\u00f1a","slug":"a-corua","providerIds":{"autoscout":{"name":"A Coru\u00f1a","lat":43.371,"long":8.39},"cochesnet":15}} [] []
[2016-02-08 22:55:54] redis_connection.INFO: Finding key search_engine_province_id_2 data: {"id":"2","name":"Alava","slug":"alava","providerIds":{"autoscout":{"name":"Alava","lat":43.36,"long":6.2},"cochesnet":1}} [] []
[2016-02-08 22:55:54] redis_connection.INFO: Finding key search_engine_province_id_3 data: {"id":"3","name":"Albacete","slug":"albacete","providerIds":{"autoscout":{"name":"Albacete","lat":38.983,"long":-1.85},"cochesnet":2}} [] []
[2016-02-08 22:55:54] redis_connection.INFO: Finding key search_engine_province_id_4 data: {"id":"4","name":"Alicante","slug":"alicante","providerIds":{"autoscout":{"name":"Alicante","lat":38.343,"long":0.479},"cochesnet":3}} [] []
[2016-02-08 22:55:54] redis_connection.INFO: Finding key search_engine_province_id_5 data: {"id":"5","name":"Almer\u00eda","slug":"almera","providerIds":{"autoscout":{"name":"Almer\u00eda","lat":36.83,"long":-2.46},"cochesnet":4}} [] []
[2016-02-08 22:55:54] redis_connection.INFO: Finding key search_engine_province_id_6 data: {"id":"6","name":"Asturias","slug":"asturias","providerIds":{"autoscout":{"name":"Asturias","lat":42.052,"long":-6.489},"cochesnet":33}} [] []
[2016-02-08 22:55:54] redis_connection.INFO: Finding key search_engine_province_id_7 data: {"id":"7","name":"\u00c1vila","slug":"vila","providerIds":{"autoscout":{"name":"\u00c1vila","lat":43.555,"long":-5.925},"cochesnet":5}} [] []
[2016-02-08 22:55:54] redis_connection.INFO: Finding key search_engine_province_id_8 data: {"id":"8","name":"Badajoz","slug":"badajoz","providerIds":{"autoscout":{"name":"Badajoz","lat":38.878,"long":-6.971},"cochesnet":6}} [] []
[2016-02-08 22:55:54] redis_connection.INFO: Finding key search_engine_province_id_9 data: {"id":"9","name":"Baleares","slug":"baleares","providerIds":{"autoscout":{"name":"Baleares","lat":39.57,"long":2.652},"cochesnet":7}} [] []
[2016-02-08 22:55:54] redis_connection.INFO: Finding key search_engine_province_id_10 data: {"id":"10","name":"Barcelona","slug":"barcelona","providerIds":{"autoscout":{"name":"Barcelona","lat":41.389,"long":2.159},"cochesnet":8}} [] []
[2016-02-08 22:55:54] redis_connection.INFO: Finding key search_engine_province_id_11 data: {"id":"11","name":"Burgos","slug":"burgos","providerIds":{"autoscout":{"name":"Burgos","lat":42.35,"long":-3.7},"cochesnet":9}} [] []
[2016-02-08 22:55:54] redis_connection.INFO: Finding key search_engine_province_id_12 data: {"id":"12","name":"C\u00e1ceres","slug":"cceres","providerIds":{"autoscout":{"name":"C\u00e1ceres","lat":39.476,"long":-6.372},"cochesnet":10}} [] []
[2016-02-08 22:55:54] redis_connection.INFO: Finding key search_engine_province_id_13 data: {"id":"13","name":"C\u00e1diz","slug":"cdiz","providerIds":{"autoscout":{"name":"C\u00e1diz","lat":36.534,"long":-6.299},"cochesnet":11}} [] []
[2016-02-08 22:55:54] redis_connection.INFO: Finding key search_engine_province_id_14 data: {"id":"14","name":"Cantabria","slug":"cantabria","providerIds":{"autoscout":{"name":"Cantabria","lat":42.734,"long":-3.467},"cochesnet":39}} [] []
[2016-02-08 22:55:54] redis_connection.INFO: Finding key search_engine_province_id_15 data: {"id":"15","name":"Castell\u00f3n","slug":"castelln","providerIds":{"autoscout":{"name":"Castell\u00f3n","lat":39.983,"long":-0.033},"cochesnet":12}} [] []
[2016-02-08 22:55:54] redis_connection.INFO: Finding key search_engine_province_id_16 data: {"id":"16","name":"Ceuta","slug":"ceuta","providerIds":{"autoscout":{"name":"Ceuta","lat":35.889,"long":-5.32},"cochesnet":51}} [] []
[2016-02-08 22:55:54] redis_connection.INFO: Finding key search_engine_province_id_17 data: {"id":"17","name":"Ciudad Real","slug":"ciudad-real","providerIds":{"autoscout":{"name":"Ciudad Real","lat":38.983,"long":-3.933},"cochesnet":13}} [] []
[2016-02-08 22:55:54] redis_connection.INFO: Finding key search_engine_province_id_18 data: {"id":"18","name":"C\u00f3rdoba","slug":"crdoba","providerIds":{"autoscout":{"name":"C\u00f3rdoba","lat":37.883,"long":-4.767},"cochesnet":14}} [] []
[2016-02-08 22:55:54] redis_connection.INFO: Finding key search_engine_province_id_19 data: {"id":"19","name":"Girona","slug":"girona","providerIds":{"autoscout":{"name":"Girona","lat":41.983,"long":2.825},"cochesnet":17}} [] []
[2016-02-08 22:55:54] redis_connection.INFO: Finding key search_engine_province_id_20 data: {"id":"20","name":"Granada","slug":"granada","providerIds":{"autoscout":{"name":"Granada","lat":37.188,"long":-3.607},"cochesnet":18}} [] []
[2016-02-08 22:55:54] redis_connection.INFO: Finding key search_engine_province_id_21 data: {"id":"21","name":"Guadalajara","slug":"guadalajara","providerIds":{"autoscout":{"name":"Guadalajara","lat":40.633,"long":-3.167},"cochesnet":19}} [] []
[2016-02-08 22:55:54] redis_connection.INFO: Finding key search_engine_province_id_22 data: {"id":"22","name":"Guip\u00fazcoa","slug":"guipzcoa","providerIds":{"autoscout":{"name":"Guip\u00fazcoa","lat":42.85,"long":-2.667},"cochesnet":20}} [] []
[2016-02-08 22:55:54] redis_connection.INFO: Finding key search_engine_province_id_23 data: {"id":"23","name":"Huelva","slug":"huelva","providerIds":{"autoscout":{"name":"Huelva","lat":37.258,"long":-6.951},"cochesnet":21}} [] []
[2016-02-08 22:55:54] redis_connection.INFO: Finding key search_engine_province_id_24 data: {"id":"24","name":"Huesca","slug":"huesca","providerIds":{"autoscout":{"name":"Huesca","lat":42.136,"long":-0.409},"cochesnet":22}} [] []
[2016-02-08 22:55:54] redis_connection.INFO: Finding key search_engine_province_id_25 data: {"id":"25","name":"Ja\u00e9n","slug":"jan","providerIds":{"autoscout":{"name":"Ja\u00e9n","lat":37.767,"long":-3.783},"cochesnet":23}} [] []
[2016-02-08 22:55:54] redis_connection.INFO: Finding key search_engine_province_id_26 data: {"id":"26","name":"La Rioja","slug":"la-rioja","providerIds":{"autoscout":{"name":"La Rioja","lat":36.945,"long":-2.463},"cochesnet":26}} [] []
[2016-02-08 22:55:54] redis_connection.INFO: Finding key search_engine_province_id_27 data: {"id":"27","name":"Las Palmas","slug":"las-palmas","providerIds":{"autoscout":{"name":"Las Palmas","lat":28.1,"long":-15.413},"cochesnet":35}} [] []
[2016-02-08 22:55:54] redis_connection.INFO: Finding key search_engine_province_id_28 data: {"id":"28","name":"Le\u00f3n","slug":"len","providerIds":{"autoscout":{"name":"Le\u00f3n","lat":42.6,"long":-5.567},"cochesnet":24}} [] []
[2016-02-08 22:55:54] redis_connection.INFO: Finding key search_engine_province_id_29 data: {"id":"29","name":"Lleida","slug":"lleida","providerIds":{"autoscout":{"name":"Lleida","lat":41.617,"long":0.617},"cochesnet":25}} [] []
[2016-02-08 22:55:54] redis_connection.INFO: Finding key search_engine_province_id_30 data: {"id":"30","name":"Lugo","slug":"lugo","providerIds":{"autoscout":{"name":"Lugo","lat":43,"long":-7.567},"cochesnet":27}} [] []
[2016-02-08 22:55:54] redis_connection.INFO: Finding key search_engine_province_id_31 data: {"id":"31","name":"Madrid","slug":"madrid","providerIds":{"autoscout":{"name":"Madrid","lat":40.417,"long":-3.703},"cochesnet":28}} [] []
[2016-02-08 22:55:54] redis_connection.INFO: Finding key search_engine_province_id_32 data: {"id":"32","name":"M\u00e1laga","slug":"mlaga","providerIds":{"autoscout":{"name":"M\u00e1laga","lat":36.72,"long":-4.42},"cochesnet":29}} [] []
[2016-02-08 22:55:54] redis_connection.INFO: Finding key search_engine_province_id_33 data: {"id":"33","name":"Melilla","slug":"melilla","providerIds":{"autoscout":{"name":"Melilla","lat":35.294,"long":-2.938},"cochesnet":52}} [] []
[2016-02-08 22:55:54] redis_connection.INFO: Finding key search_engine_province_id_34 data: {"id":"34","name":"Murcia","slug":"murcia","providerIds":{"autoscout":{"name":"Murcia","lat":37.987,"long":-1.13},"cochesnet":30}} [] []
[2016-02-08 22:55:54] redis_connection.INFO: Finding key search_engine_province_id_35 data: {"id":"35","name":"Navarra","slug":"navarra","providerIds":{"autoscout":{"name":"Navarra","lat":39.102,"long":-0.695},"cochesnet":31}} [] []
[2016-02-08 22:55:54] redis_connection.INFO: Finding key search_engine_province_id_36 data: {"id":"36","name":"Orense","slug":"orense","providerIds":{"autoscout":{"name":"Orense","lat":42.333,"long":-7.85},"cochesnet":32}} [] []
[2016-02-08 22:55:54] redis_connection.INFO: Finding key search_engine_province_id_37 data: {"id":"37","name":"Palencia","slug":"palencia","providerIds":{"autoscout":{"name":"Palencia","lat":42.017,"long":-4.533},"cochesnet":34}} [] []
[2016-02-08 22:55:54] redis_connection.INFO: Finding key search_engine_province_id_38 data: {"id":"38","name":"Pontevedra","slug":"pontevedra","providerIds":{"autoscout":{"name":"Pontevedra","lat":"Pontevedra","long":-8.644},"cochesnet":36}} [] []
[2016-02-08 22:55:54] redis_connection.INFO: Finding key search_engine_province_id_39 data: {"id":"39","name":"Salamanca","slug":"salamanca","providerIds":{"autoscout":{"name":"Salamanca","lat":40.967,"long":-5.65},"cochesnet":37}} [] []
[2016-02-08 22:55:54] redis_connection.INFO: Finding key search_engine_province_id_40 data: {"id":"40","name":"Segovia","slug":"segovia","providerIds":{"autoscout":{"name":"Segovia","lat":40.95,"long":-4.117},"cochesnet":40}} [] []
[2016-02-08 22:55:54] redis_connection.INFO: Finding key search_engine_province_id_41 data: {"id":"41","name":"Sevilla","slug":"sevilla","providerIds":{"autoscout":{"name":"Sevilla","lat":37.382,"long":-5.976},"cochesnet":41}} [] []
[2016-02-08 22:55:54] redis_connection.INFO: Finding key search_engine_province_id_42 data: {"id":"42","name":"Soria","slug":"soria","providerIds":{"autoscout":{"name":"Soria","lat":41.764,"long":2.469},"cochesnet":42}} [] []
[2016-02-08 22:55:54] redis_connection.INFO: Finding key search_engine_province_id_43 data: {"id":"43","name":"Sta. C. Tenerife","slug":"sta-c-tenerife","providerIds":{"autoscout":{"name":"Sta. C. Tenerife","lat":28.468,"long":-16.255},"cochesnet":38}} [] []
[2016-02-08 22:55:54] redis_connection.INFO: Finding key search_engine_province_id_44 data: {"id":"44","name":"Tarragona","slug":"tarragona","providerIds":{"autoscout":{"name":"Tarragona","lat":41.117,"long":1.25},"cochesnet":43}} [] []
[2016-02-08 22:55:54] redis_connection.INFO: Finding key search_engine_province_id_45 data: {"id":"45","name":"Teruel","slug":"teruel","providerIds":{"autoscout":{"name":"Teruel","lat":40.346,"long":-1.106},"cochesnet":44}} [] []
[2016-02-08 22:55:54] redis_connection.INFO: Finding key search_engine_province_id_46 data: {"id":"46","name":"Toledo","slug":"toledo","providerIds":{"autoscout":{"name":"Toledo","lat":39.858,"long":-4.023},"cochesnet":45}} [] []
[2016-02-08 22:55:54] redis_connection.INFO: Finding key search_engine_province_id_47 data: {"id":"47","name":"Valencia","slug":"valencia","providerIds":{"autoscout":{"name":"Valencia","lat":39.47,"long":-0.377},"cochesnet":46}} [] []
[2016-02-08 22:55:54] redis_connection.INFO: Finding key search_engine_province_id_48 data: {"id":"48","name":"Valladolid","slug":"valladolid","providerIds":{"autoscout":{"name":"Valladolid","lat":41.655,"long":-4.724},"cochesnet":47}} [] []
[2016-02-08 22:55:54] redis_connection.INFO: Finding key search_engine_province_id_49 data: {"id":"49","name":"Vizcaya","slug":"vizcaya","providerIds":{"autoscout":{"name":"Vizcaya","lat":42.1,"long":-3.267},"cochesnet":48}} [] []
[2016-02-08 22:55:54] redis_connection.INFO: Finding key search_engine_province_id_50 data: {"id":"50","name":"Zamora","slug":"zamora","providerIds":{"autoscout":{"name":"Zamora","lat":41.5,"long":-5.75},"cochesnet":49}} [] []
[2016-02-08 22:55:54] redis_connection.INFO: Finding key search_engine_province_id_51 data: {"id":"51","name":"Zaragoza","slug":"zaragoza","providerIds":{"autoscout":{"name":"Zaragoza","lat":41.656,"long":"- 0.877"},"cochesnet":50}} [] []
[2016-02-08 22:55:54] redis_connection.INFO: Finding key search_engine_province_id_52 data: {"id":"52","name":"Cuenca","slug":"cuenca","providerIds":{"cochesnet":16}} [] []
[2016-02-08 22:56:03] redis_connection.INFO: Finding key search_engine_province_unique_c7a22b2b28af7c13e939e874ecdfc826 data:  [] []
[2016-02-08 22:56:03] redis_connection.INFO: Finding key search_engine_province_unique_b5834d7ce5f0ea5747b41eb6b625d98f data:  [] []
[2016-02-08 22:56:03] redis_connection.INFO: Finding key search_engine_province_unique_b5834d7ce5f0ea5747b41eb6b625d98f data:  [] []
[2016-02-08 22:56:03] redis_connection.INFO: Finding key search_engine_province_unique_a2f05fa5f8dee60aa4893e5da55b2e85 data:  [] []
[2016-02-08 22:56:03] redis_connection.INFO: Finding key search_engine_province_unique_b5834d7ce5f0ea5747b41eb6b625d98f data:  [] []
[2016-02-08 22:56:03] redis_connection.INFO: Finding key search_engine_province_unique_c7a22b2b28af7c13e939e874ecdfc826 data:  [] []
[2016-02-08 22:56:03] redis_connection.INFO: Finding key search_engine_province_unique_c7a22b2b28af7c13e939e874ecdfc826 data:  [] []
[2016-02-08 22:56:03] redis_connection.INFO: Finding key search_engine_province_unique_b5834d7ce5f0ea5747b41eb6b625d98f data:  [] []
[2016-02-08 22:56:03] redis_connection.INFO: Finding key search_engine_province_unique_292b67f27ebea43e654475a7cbfd107e data:  [] []
[2016-02-08 22:56:03] redis_connection.INFO: Finding key search_engine_province_unique_7336e771a9f10e80c0e9a71e6fa08f57 data:  [] []
[2016-02-08 22:56:03] redis_connection.INFO: Finding key search_engine_province_unique_b96e508e6359fb625aa82c17cf59bab8 data:  [] []
[2016-02-08 22:56:03] redis_connection.INFO: Finding key search_engine_province_unique_b96e508e6359fb625aa82c17cf59bab8 data:  [] []
[2016-02-08 22:56:03] redis_connection.INFO: Finding key search_engine_province_unique_01e8434b7139d067d6356041465185dd data:  [] []
[2016-02-08 22:56:03] redis_connection.INFO: Finding key search_engine_province_unique_a1ca88b614ed8a8e84fcbbc95b58f1e4 data:  [] []
[2016-02-08 22:56:03] redis_connection.INFO: Finding key search_engine_province_unique_c7a22b2b28af7c13e939e874ecdfc826 data:  [] []
[2016-02-08 22:56:03] redis_connection.INFO: Storing new key search_engine_result_url_a22c97728444355c34a305c2f3aa7a29 FOR $timeout miliseconds, data: ["30"] [] []
[2016-02-08 22:56:03] redis_connection.INFO: Storing new key search_engine_result_url_b7fe95cdeda8bfc2361284d10ec2a6ca FOR $timeout miliseconds, data: ["31"] [] []
[2016-02-08 22:56:03] redis_connection.INFO: Storing new key search_engine_result_url_506003002a8162cffb477656d19cbd96 FOR $timeout miliseconds, data: ["32"] [] []
[2016-02-08 22:56:03] redis_connection.INFO: Storing new key search_engine_result_url_87741950b1b0b437abaf565c7d8ffaf1 FOR $timeout miliseconds, data: ["33"] [] []
[2016-02-08 22:56:03] redis_connection.INFO: Storing new key search_engine_result_url_b21a99312c08394877778fcee30230a5 FOR $timeout miliseconds, data: ["34"] [] []
[2016-02-08 22:56:03] redis_connection.INFO: Storing new key search_engine_result_url_365105069d21866a670a9d89d66adac0 FOR $timeout miliseconds, data: ["35"] [] []
[2016-02-08 22:56:03] redis_connection.INFO: Storing new key search_engine_result_url_43c2b492c9f95d7cef48ca50761d9ec0 FOR $timeout miliseconds, data: ["36"] [] []
[2016-02-08 22:56:03] redis_connection.INFO: Storing new key search_engine_result_url_6b5f544f5f3939da4cb99e65917d3a38 FOR $timeout miliseconds, data: ["37"] [] []
[2016-02-08 22:56:03] redis_connection.INFO: Storing new key search_engine_result_url_cd0a58a9aeb6c48b9adff457f8cd0338 FOR $timeout miliseconds, data: ["38"] [] []
[2016-02-08 22:56:03] redis_connection.INFO: Storing new key search_engine_result_url_c7ce5c8cdef65cae58c50c3077e8197c FOR $timeout miliseconds, data: ["39"] [] []
[2016-02-08 22:56:03] redis_connection.INFO: Storing new key search_engine_result_url_9610d56a711f3f7db3449f4946ee2abb FOR $timeout miliseconds, data: ["40"] [] []
[2016-02-08 22:56:03] redis_connection.INFO: Storing new key search_engine_result_url_d5026e8b5277ea94086466a7239ca455 FOR $timeout miliseconds, data: ["41"] [] []
[2016-02-08 22:56:03] redis_connection.INFO: Storing new key search_engine_result_url_e34cdb0323cbc6ccabb6b41f1b6a0e50 FOR $timeout miliseconds, data: ["42"] [] []
[2016-02-08 22:56:03] redis_connection.INFO: Storing new key search_engine_result_url_7a3ca906623544d902e0676db8a2c8a5 FOR $timeout miliseconds, data: ["43"] [] []
[2016-02-08 22:56:03] redis_connection.INFO: Storing new key search_engine_result_url_a2ce74f0002668c179f611efafd1bdb2 FOR $timeout miliseconds, data: ["44"] [] []
[2016-02-08 22:56:03] redis_connection.INFO: Finding key search_engine_result_30 data:  [] []
[2016-02-08 22:56:03] redis_connection.INFO: Storing new key search_engine_result_url_a22c97728444355c34a305c2f3aa7a29 FOR $timeout miliseconds, data: ["30"] [] []
[2016-02-08 22:56:03] redis_connection.INFO: Finding key search_engine_result_31 data:  [] []
[2016-02-08 22:56:03] redis_connection.INFO: Storing new key search_engine_result_url_b7fe95cdeda8bfc2361284d10ec2a6ca FOR $timeout miliseconds, data: ["31"] [] []
[2016-02-08 22:56:03] redis_connection.INFO: Finding key search_engine_result_32 data:  [] []
[2016-02-08 22:56:03] redis_connection.INFO: Storing new key search_engine_result_url_506003002a8162cffb477656d19cbd96 FOR $timeout miliseconds, data: ["32"] [] []
[2016-02-08 22:56:03] redis_connection.INFO: Finding key search_engine_result_33 data:  [] []
[2016-02-08 22:56:03] redis_connection.INFO: Storing new key search_engine_result_url_87741950b1b0b437abaf565c7d8ffaf1 FOR $timeout miliseconds, data: ["33"] [] []
[2016-02-08 22:56:03] redis_connection.INFO: Finding key search_engine_result_34 data:  [] []
[2016-02-08 22:56:03] redis_connection.INFO: Storing new key search_engine_result_url_b21a99312c08394877778fcee30230a5 FOR $timeout miliseconds, data: ["34"] [] []
[2016-02-08 22:56:03] redis_connection.INFO: Finding key search_engine_result_35 data:  [] []
[2016-02-08 22:56:03] redis_connection.INFO: Storing new key search_engine_result_url_365105069d21866a670a9d89d66adac0 FOR $timeout miliseconds, data: ["35"] [] []
[2016-02-08 22:56:03] redis_connection.INFO: Finding key search_engine_result_36 data:  [] []
[2016-02-08 22:56:03] redis_connection.INFO: Storing new key search_engine_result_url_43c2b492c9f95d7cef48ca50761d9ec0 FOR $timeout miliseconds, data: ["36"] [] []
[2016-02-08 22:56:03] redis_connection.INFO: Finding key search_engine_result_37 data:  [] []
[2016-02-08 22:56:03] redis_connection.INFO: Storing new key search_engine_result_url_6b5f544f5f3939da4cb99e65917d3a38 FOR $timeout miliseconds, data: ["37"] [] []
[2016-02-08 22:56:03] redis_connection.INFO: Finding key search_engine_result_38 data:  [] []
[2016-02-08 22:56:03] redis_connection.INFO: Storing new key search_engine_result_url_cd0a58a9aeb6c48b9adff457f8cd0338 FOR $timeout miliseconds, data: ["38"] [] []
[2016-02-08 22:56:03] redis_connection.INFO: Finding key search_engine_result_39 data:  [] []
[2016-02-08 22:56:03] redis_connection.INFO: Storing new key search_engine_result_url_c7ce5c8cdef65cae58c50c3077e8197c FOR $timeout miliseconds, data: ["39"] [] []
[2016-02-08 22:56:03] redis_connection.INFO: Finding key search_engine_result_40 data:  [] []
[2016-02-08 22:56:03] redis_connection.INFO: Storing new key search_engine_result_url_9610d56a711f3f7db3449f4946ee2abb FOR $timeout miliseconds, data: ["40"] [] []
[2016-02-08 22:56:03] redis_connection.INFO: Finding key search_engine_result_41 data:  [] []
[2016-02-08 22:56:03] redis_connection.INFO: Storing new key search_engine_result_url_d5026e8b5277ea94086466a7239ca455 FOR $timeout miliseconds, data: ["41"] [] []
[2016-02-08 22:56:03] redis_connection.INFO: Finding key search_engine_result_42 data:  [] []
[2016-02-08 22:56:03] redis_connection.INFO: Storing new key search_engine_result_url_e34cdb0323cbc6ccabb6b41f1b6a0e50 FOR $timeout miliseconds, data: ["42"] [] []
[2016-02-08 22:56:03] redis_connection.INFO: Finding key search_engine_result_43 data:  [] []
[2016-02-08 22:56:03] redis_connection.INFO: Storing new key search_engine_result_url_7a3ca906623544d902e0676db8a2c8a5 FOR $timeout miliseconds, data: ["43"] [] []
[2016-02-08 22:56:03] redis_connection.INFO: Finding key search_engine_result_44 data:  [] []
[2016-02-08 22:56:03] redis_connection.INFO: Storing new key search_engine_result_url_a2ce74f0002668c179f611efafd1bdb2 FOR $timeout miliseconds, data: ["44"] [] []
[2016-02-08 22:56:04] redis_connection.INFO: Finding key search_engine_province_slug_Alpedrete, Madrid data:  [] []
[2016-02-08 22:56:04] redis_connection.INFO: Finding key search_engine_province_slug_Navaconcejo data:  [] []
[2016-02-08 22:56:04] redis_connection.INFO: Finding key search_engine_province_slug_Velilla de San Antonio data:  [] []
[2016-02-08 22:56:04] redis_connection.INFO: Finding key search_engine_province_slug_Marbella- M치laga data:  [] []
[2016-02-08 22:56:04] redis_connection.INFO: Finding key search_engine_province_slug_Barcelona data:  [] []
[2016-02-08 22:56:04] redis_connection.INFO: Finding key search_engine_province_slug_Alicante data:  [] []
[2016-02-08 22:56:04] redis_connection.INFO: Finding key search_engine_province_slug_Matar칩 data:  [] []
[2016-02-08 22:56:04] redis_connection.INFO: Finding key search_engine_province_slug_Velilla de San Antonio data:  [] []
[2016-02-08 22:56:04] redis_connection.INFO: Finding key search_engine_province_slug_Velilla de San Antonio data:  [] []
[2016-02-08 22:56:04] redis_connection.INFO: Finding key search_engine_province_slug_Madrid data:  [] []
[2016-02-08 22:56:04] redis_connection.INFO: Finding key search_engine_province_slug_Almendralejo data:  [] []
[2016-02-08 22:56:04] redis_connection.INFO: Finding key search_engine_province_slug_Barcelona data:  [] []
[2016-02-08 22:56:04] redis_connection.INFO: Finding key search_engine_province_slug_Velilla de San Antonio data:  [] []
[2016-02-08 22:56:04] redis_connection.INFO: Finding key search_engine_province_slug_Velilla de San Antonio data:  [] []
[2016-02-08 22:56:04] redis_connection.INFO: Finding key search_engine_province_slug_Velilla de San Antonio data:  [] []
[2016-02-08 22:56:04] redis_connection.INFO: Finding key search_engine_province_slug_Valls data:  [] []
[2016-02-08 22:56:04] redis_connection.INFO: Finding key search_engine_province_slug_Durango data:  [] []
[2016-02-08 22:56:04] redis_connection.INFO: Finding key search_engine_province_slug_Getxo data:  [] []
[2016-02-08 22:56:04] redis_connection.INFO: Finding key search_engine_province_slug_Matar칩 data:  [] []
[2016-02-08 22:56:04] redis_connection.INFO: Finding key search_engine_province_slug_Matar칩 data:  [] []
[2016-02-08 22:56:04] redis_connection.INFO: Storing new key search_engine_result_url_d6fd2ac508085e9a90f19f009d8fc790 FOR $timeout miliseconds, data: [false] [] []
[2016-02-08 22:56:04] redis_connection.INFO: Storing new key search_engine_result_url_8858371d2ac726c0d572fe73d471074f FOR $timeout miliseconds, data: [false] [] []
[2016-02-08 22:56:04] redis_connection.INFO: Storing new key search_engine_result_url_aaa511c4bc9192a29b059cc5de4040c1 FOR $timeout miliseconds, data: [false] [] []
[2016-02-08 22:56:04] redis_connection.INFO: Storing new key search_engine_result_url_5c0dbc0f66c8d6b9e19e69b6baace68d FOR $timeout miliseconds, data: [false] [] []
[2016-02-08 22:56:04] redis_connection.INFO: Storing new key search_engine_result_url_42afe8fe898a6b8f122a70b652edcc55 FOR $timeout miliseconds, data: [false] [] []
[2016-02-08 22:56:04] redis_connection.INFO: Storing new key search_engine_result_url_d7a8d8cfd08406253d4140928558380f FOR $timeout miliseconds, data: [false] [] []
[2016-02-08 22:56:04] redis_connection.INFO: Storing new key search_engine_result_url_f40bb4584071330964c78102213d6ae5 FOR $timeout miliseconds, data: [false] [] []
[2016-02-08 22:56:04] redis_connection.INFO: Storing new key search_engine_result_url_228e9432526f7ac40c845e2f4d8c57f4 FOR $timeout miliseconds, data: [false] [] []
[2016-02-08 22:56:04] redis_connection.INFO: Storing new key search_engine_result_url_5a752bab90192293b85b65cd072a0a0f FOR $timeout miliseconds, data: [false] [] []
[2016-02-08 22:56:04] redis_connection.INFO: Storing new key search_engine_result_url_279b0938ef8a18dfee9cfafaac3c7eaa FOR $timeout miliseconds, data: [false] [] []
[2016-02-08 22:56:04] redis_connection.INFO: Storing new key search_engine_result_url_b7c27edee59e56b6a6cb4be7f62f4bf6 FOR $timeout miliseconds, data: [false] [] []
[2016-02-08 22:56:04] redis_connection.INFO: Storing new key search_engine_result_url_78009e1c9e2b6a147cf3096fa0921326 FOR $timeout miliseconds, data: [false] [] []
[2016-02-08 22:56:04] redis_connection.INFO: Storing new key search_engine_result_url_d7cf2b8ad01d812ef418778450e5fcdb FOR $timeout miliseconds, data: [false] [] []
[2016-02-08 22:56:04] redis_connection.INFO: Storing new key search_engine_result_url_29fa4900282b08fddb130708b5c0ae5d FOR $timeout miliseconds, data: [false] [] []
[2016-02-08 22:56:04] redis_connection.INFO: Storing new key search_engine_result_url_b0afb1db6cee63f00483437b3b01de9d FOR $timeout miliseconds, data: [false] [] []
[2016-02-08 22:56:04] redis_connection.INFO: Storing new key search_engine_result_url_6bfde1fe37899765f7cbb56b7fc6a330 FOR $timeout miliseconds, data: [false] [] []
[2016-02-08 22:56:04] redis_connection.INFO: Storing new key search_engine_result_url_d602e758f55c3b20cf179f77e33160a2 FOR $timeout miliseconds, data: [false] [] []
[2016-02-08 22:56:04] redis_connection.INFO: Storing new key search_engine_result_url_059bd0a460f02dc76110efabdf10da54 FOR $timeout miliseconds, data: [false] [] []
[2016-02-08 22:56:04] redis_connection.INFO: Storing new key search_engine_result_url_bd2d28e04981790874e15b5ad882d2d4 FOR $timeout miliseconds, data: [false] [] []
[2016-02-08 22:56:04] redis_connection.INFO: Storing new key search_engine_result_url_d975b8f5d32cbe9fa8304cb4c984db13 FOR $timeout miliseconds, data: [false] [] []
[2016-02-08 22:56:04] redis_connection.INFO: Finding key search_engine_result_30 data:  [] []
[2016-02-08 22:56:04] redis_connection.INFO: Storing new key search_engine_result_url_a22c97728444355c34a305c2f3aa7a29 FOR $timeout miliseconds, data: ["30"] [] []
[2016-02-08 22:56:04] redis_connection.INFO: Finding key search_engine_result_31 data:  [] []
[2016-02-08 22:56:04] redis_connection.INFO: Storing new key search_engine_result_url_b7fe95cdeda8bfc2361284d10ec2a6ca FOR $timeout miliseconds, data: ["31"] [] []
[2016-02-08 22:56:04] redis_connection.INFO: Finding key search_engine_result_32 data:  [] []
[2016-02-08 22:56:04] redis_connection.INFO: Storing new key search_engine_result_url_506003002a8162cffb477656d19cbd96 FOR $timeout miliseconds, data: ["32"] [] []
[2016-02-08 22:56:04] redis_connection.INFO: Finding key search_engine_result_33 data:  [] []
[2016-02-08 22:56:04] redis_connection.INFO: Storing new key search_engine_result_url_87741950b1b0b437abaf565c7d8ffaf1 FOR $timeout miliseconds, data: ["33"] [] []
[2016-02-08 22:56:04] redis_connection.INFO: Finding key search_engine_result_34 data:  [] []
[2016-02-08 22:56:04] redis_connection.INFO: Storing new key search_engine_result_url_b21a99312c08394877778fcee30230a5 FOR $timeout miliseconds, data: ["34"] [] []
[2016-02-08 22:56:04] redis_connection.INFO: Finding key search_engine_result_35 data:  [] []
[2016-02-08 22:56:04] redis_connection.INFO: Storing new key search_engine_result_url_365105069d21866a670a9d89d66adac0 FOR $timeout miliseconds, data: ["35"] [] []
[2016-02-08 22:56:04] redis_connection.INFO: Finding key search_engine_result_36 data:  [] []
[2016-02-08 22:56:04] redis_connection.INFO: Storing new key search_engine_result_url_43c2b492c9f95d7cef48ca50761d9ec0 FOR $timeout miliseconds, data: ["36"] [] []
[2016-02-08 22:56:04] redis_connection.INFO: Finding key search_engine_result_37 data:  [] []
[2016-02-08 22:56:04] redis_connection.INFO: Storing new key search_engine_result_url_6b5f544f5f3939da4cb99e65917d3a38 FOR $timeout miliseconds, data: ["37"] [] []
[2016-02-08 22:56:04] redis_connection.INFO: Finding key search_engine_result_38 data:  [] []
[2016-02-08 22:56:04] redis_connection.INFO: Storing new key search_engine_result_url_cd0a58a9aeb6c48b9adff457f8cd0338 FOR $timeout miliseconds, data: ["38"] [] []
[2016-02-08 22:56:04] redis_connection.INFO: Finding key search_engine_result_39 data:  [] []
[2016-02-08 22:56:04] redis_connection.INFO: Storing new key search_engine_result_url_c7ce5c8cdef65cae58c50c3077e8197c FOR $timeout miliseconds, data: ["39"] [] []
[2016-02-08 22:56:04] redis_connection.INFO: Finding key search_engine_result_40 data:  [] []
[2016-02-08 22:56:04] redis_connection.INFO: Storing new key search_engine_result_url_9610d56a711f3f7db3449f4946ee2abb FOR $timeout miliseconds, data: ["40"] [] []
[2016-02-08 22:56:04] redis_connection.INFO: Finding key search_engine_result_41 data:  [] []
[2016-02-08 22:56:04] redis_connection.INFO: Storing new key search_engine_result_url_d5026e8b5277ea94086466a7239ca455 FOR $timeout miliseconds, data: ["41"] [] []
[2016-02-08 22:56:04] redis_connection.INFO: Finding key search_engine_result_42 data:  [] []
[2016-02-08 22:56:04] redis_connection.INFO: Storing new key search_engine_result_url_e34cdb0323cbc6ccabb6b41f1b6a0e50 FOR $timeout miliseconds, data: ["42"] [] []
[2016-02-08 22:56:04] redis_connection.INFO: Finding key search_engine_result_43 data:  [] []
[2016-02-08 22:56:04] redis_connection.INFO: Storing new key search_engine_result_url_7a3ca906623544d902e0676db8a2c8a5 FOR $timeout miliseconds, data: ["43"] [] []
[2016-02-08 22:56:04] redis_connection.INFO: Finding key search_engine_result_44 data:  [] []
[2016-02-08 22:56:04] redis_connection.INFO: Storing new key search_engine_result_url_a2ce74f0002668c179f611efafd1bdb2 FOR $timeout miliseconds, data: ["44"] [] []
[2016-02-08 22:56:04] redis_connection.INFO: Finding key search_engine_result_ data:  [] []
[2016-02-08 22:56:04] redis_connection.INFO: Finding key search_engine_result_ data:  [] []
[2016-02-08 22:56:04] redis_connection.INFO: Finding key search_engine_result_ data:  [] []
[2016-02-08 22:56:04] redis_connection.INFO: Finding key search_engine_result_ data:  [] []
[2016-02-08 22:56:04] redis_connection.INFO: Finding key search_engine_result_ data:  [] []
[2016-02-08 22:56:04] redis_connection.INFO: Finding key search_engine_result_ data:  [] []
[2016-02-08 22:56:04] redis_connection.INFO: Finding key search_engine_result_ data:  [] []
[2016-02-08 22:56:04] redis_connection.INFO: Finding key search_engine_result_ data:  [] []
[2016-02-08 22:56:04] redis_connection.INFO: Finding key search_engine_result_ data:  [] []
[2016-02-08 22:56:04] redis_connection.INFO: Finding key search_engine_result_ data:  [] []
[2016-02-08 22:56:04] redis_connection.INFO: Finding key search_engine_result_ data:  [] []
[2016-02-08 22:56:04] redis_connection.INFO: Finding key search_engine_result_ data:  [] []
[2016-02-08 22:56:04] redis_connection.INFO: Finding key search_engine_result_ data:  [] []
[2016-02-08 22:56:04] redis_connection.INFO: Finding key search_engine_result_ data:  [] []
[2016-02-08 22:56:04] redis_connection.INFO: Finding key search_engine_result_ data:  [] []
[2016-02-08 22:56:04] redis_connection.INFO: Finding key search_engine_result_ data:  [] []
[2016-02-08 22:56:04] redis_connection.INFO: Finding key search_engine_result_ data:  [] []
[2016-02-08 22:56:04] redis_connection.INFO: Finding key search_engine_result_ data:  [] []
[2016-02-08 22:56:04] redis_connection.INFO: Finding key search_engine_result_ data:  [] []
[2016-02-08 22:56:04] redis_connection.INFO: Finding key search_engine_result_ data:  [] []
[2016-02-16 23:55:32] redis_connection.INFO: Finding key search_engine_province_unique_a528640d5de3eafa0b2163ffb694ebc6 data:  [] []
[2016-02-16 23:55:33] redis_connection.INFO: Finding key search_engine_brand_active_brands data:  [] []
[2016-02-17 22:45:44] redis_connection.INFO: Finding key search_engine_province_unique_a528640d5de3eafa0b2163ffb694ebc6 data:  [] []
[2016-02-17 22:45:45] redis_connection.INFO: Finding key search_engine_brand_active_brands data:  [] []
[2016-02-17 22:48:34] redis_connection.INFO: Finding key search_engine_brand_active_brands data:  [] []
[2016-02-17 22:48:37] redis_connection.INFO: Finding key search_engine_province_unique_a528640d5de3eafa0b2163ffb694ebc6 data:  [] []
[2016-02-17 22:49:04] redis_connection.INFO: Finding key search_engine_province_unique_c7a22b2b28af7c13e939e874ecdfc826 data:  [] []
[2016-02-17 22:49:04] redis_connection.INFO: Finding key search_engine_province_unique_c7a22b2b28af7c13e939e874ecdfc826 data:  [] []
[2016-02-17 22:49:04] redis_connection.INFO: Finding key search_engine_province_unique_7336e771a9f10e80c0e9a71e6fa08f57 data:  [] []
[2016-02-17 22:49:04] redis_connection.INFO: Finding key search_engine_province_unique_e0e3507873a007390c36ae470c6c4825 data:  [] []
[2016-02-17 22:49:04] redis_connection.INFO: Finding key search_engine_province_unique_c7a22b2b28af7c13e939e874ecdfc826 data:  [] []
[2016-02-17 22:49:04] redis_connection.INFO: Finding key search_engine_province_unique_c7a22b2b28af7c13e939e874ecdfc826 data:  [] []
[2016-02-17 22:49:04] redis_connection.INFO: Finding key search_engine_province_unique_752c3ce6c4ae4ac9c7b56467dffaf19a data:  [] []
[2016-02-17 22:49:04] redis_connection.INFO: Finding key search_engine_province_unique_0921ffe77bc190a90b9d204dc5242ffb data:  [] []
[2016-02-17 22:49:04] redis_connection.INFO: Finding key search_engine_province_unique_0921ffe77bc190a90b9d204dc5242ffb data:  [] []
[2016-02-17 22:49:04] redis_connection.INFO: Finding key search_engine_province_unique_0921ffe77bc190a90b9d204dc5242ffb data:  [] []
[2016-02-17 22:49:04] redis_connection.INFO: Finding key search_engine_province_unique_752c3ce6c4ae4ac9c7b56467dffaf19a data:  [] []
[2016-02-17 22:49:04] redis_connection.INFO: Finding key search_engine_province_unique_75484cee528d02a15f96d87a7aac5e9a data:  [] []
[2016-02-17 22:49:04] redis_connection.INFO: Finding key search_engine_province_unique_c7a22b2b28af7c13e939e874ecdfc826 data:  [] []
[2016-02-17 22:49:04] redis_connection.INFO: Finding key search_engine_province_unique_0921ffe77bc190a90b9d204dc5242ffb data:  [] []
[2016-02-17 22:49:04] redis_connection.INFO: Finding key search_engine_province_unique_0921ffe77bc190a90b9d204dc5242ffb data:  [] []
[2016-02-17 22:49:05] redis_connection.INFO: Finding key search_engine_result_url_e482ece940f5c4c168a62807d2ceca60 data:  [] []
[2016-02-17 22:49:05] redis_connection.INFO: Finding key search_engine_result_url_6341cb50367cce492aab9d3e784edcb4 data:  [] []
[2016-02-17 22:49:05] redis_connection.INFO: Finding key search_engine_result_url_c7ce5c8cdef65cae58c50c3077e8197c data:  [] []
[2016-02-17 22:49:05] redis_connection.INFO: Finding key search_engine_result_url_94c63fbaf266d73fca62fee99201c977 data:  [] []
[2016-02-17 22:49:05] redis_connection.INFO: Finding key search_engine_result_url_352b1365d054741cad043f565066e5d8 data:  [] []
[2016-02-17 22:49:05] redis_connection.INFO: Finding key search_engine_result_url_09b97a869c1205d877dfe9ce088087da data:  [] []
[2016-02-17 22:49:05] redis_connection.INFO: Finding key search_engine_result_url_00f9be7d31074fe502f33a9dc1e912e1 data:  [] []
[2016-02-17 22:49:05] redis_connection.INFO: Finding key search_engine_result_url_e7299fcf8a0109d8b8fbd36d69c4eb82 data:  [] []
[2016-02-17 22:49:05] redis_connection.INFO: Finding key search_engine_result_url_523f6669b8cb07054bed7788549dadd9 data:  [] []
[2016-02-17 22:49:05] redis_connection.INFO: Finding key search_engine_result_url_d48c915eb65dc345e58edaf71c933b1f data:  [] []
[2016-02-17 22:49:05] redis_connection.INFO: Finding key search_engine_result_url_0860abfe5f0893559fd43b77d77e8af7 data:  [] []
[2016-02-17 22:49:05] redis_connection.INFO: Finding key search_engine_result_url_fa297606ddbad599a00496820d7c9490 data:  [] []
[2016-02-17 22:49:05] redis_connection.INFO: Finding key search_engine_result_url_8d04582ab386d00ec1129ae5003cf071 data:  [] []
[2016-02-17 22:49:05] redis_connection.INFO: Finding key search_engine_result_url_e845fbd8dd471075b6971d5898ade944 data:  [] []
[2016-02-17 22:49:05] redis_connection.INFO: Finding key search_engine_result_url_0645b865c07fcff801ae2c35c4233c70 data:  [] []
[2016-02-17 22:49:05] redis_connection.INFO: Storing new key search_engine_result_url_e482ece940f5c4c168a62807d2ceca60 FOR $timeout miliseconds, data: ["45"] [] []
[2016-02-17 22:49:05] redis_connection.INFO: Storing new key search_engine_result_url_6341cb50367cce492aab9d3e784edcb4 FOR $timeout miliseconds, data: ["46"] [] []
[2016-02-17 22:49:05] redis_connection.INFO: Storing new key search_engine_result_url_c7ce5c8cdef65cae58c50c3077e8197c FOR $timeout miliseconds, data: ["47"] [] []
[2016-02-17 22:49:05] redis_connection.INFO: Storing new key search_engine_result_url_94c63fbaf266d73fca62fee99201c977 FOR $timeout miliseconds, data: ["48"] [] []
[2016-02-17 22:49:05] redis_connection.INFO: Storing new key search_engine_result_url_352b1365d054741cad043f565066e5d8 FOR $timeout miliseconds, data: ["49"] [] []
[2016-02-17 22:49:05] redis_connection.INFO: Storing new key search_engine_result_url_09b97a869c1205d877dfe9ce088087da FOR $timeout miliseconds, data: ["50"] [] []
[2016-02-17 22:49:05] redis_connection.INFO: Storing new key search_engine_result_url_00f9be7d31074fe502f33a9dc1e912e1 FOR $timeout miliseconds, data: ["51"] [] []
[2016-02-17 22:49:05] redis_connection.INFO: Storing new key search_engine_result_url_e7299fcf8a0109d8b8fbd36d69c4eb82 FOR $timeout miliseconds, data: ["52"] [] []
[2016-02-17 22:49:05] redis_connection.INFO: Storing new key search_engine_result_url_523f6669b8cb07054bed7788549dadd9 FOR $timeout miliseconds, data: ["53"] [] []
[2016-02-17 22:49:05] redis_connection.INFO: Storing new key search_engine_result_url_d48c915eb65dc345e58edaf71c933b1f FOR $timeout miliseconds, data: ["54"] [] []
[2016-02-17 22:49:05] redis_connection.INFO: Storing new key search_engine_result_url_0860abfe5f0893559fd43b77d77e8af7 FOR $timeout miliseconds, data: ["55"] [] []
[2016-02-17 22:49:05] redis_connection.INFO: Storing new key search_engine_result_url_fa297606ddbad599a00496820d7c9490 FOR $timeout miliseconds, data: ["56"] [] []
[2016-02-17 22:49:05] redis_connection.INFO: Storing new key search_engine_result_url_8d04582ab386d00ec1129ae5003cf071 FOR $timeout miliseconds, data: ["57"] [] []
[2016-02-17 22:49:05] redis_connection.INFO: Storing new key search_engine_result_url_e845fbd8dd471075b6971d5898ade944 FOR $timeout miliseconds, data: ["58"] [] []
[2016-02-17 22:49:05] redis_connection.INFO: Storing new key search_engine_result_url_0645b865c07fcff801ae2c35c4233c70 FOR $timeout miliseconds, data: ["59"] [] []
[2016-02-17 22:49:08] redis_connection.INFO: Finding key search_engine_province_slug_Navaconcejo data:  [] []
[2016-02-17 22:49:08] redis_connection.INFO: Finding key search_engine_province_slug_Velilla de San Antonio data:  [] []
[2016-02-17 22:49:08] redis_connection.INFO: Finding key search_engine_province_slug_Marbella- M치laga data:  [] []
[2016-02-17 22:49:08] redis_connection.INFO: Finding key search_engine_province_slug_Sant Celoni data:  [] []
[2016-02-17 22:49:08] redis_connection.INFO: Finding key search_engine_province_slug_Benicarlo data:  [] []
[2016-02-17 22:49:08] redis_connection.INFO: Finding key search_engine_province_slug_Velilla de San Antonio data:  [] []
[2016-02-17 22:49:08] redis_connection.INFO: Finding key search_engine_province_slug_Getxo data:  [] []
[2016-02-17 22:49:08] redis_connection.INFO: Finding key search_engine_province_slug_Almendralejo data:  [] []
[2016-02-17 22:49:08] redis_connection.INFO: Finding key search_engine_province_slug_Velilla de San Antonio data:  [] []
[2016-02-17 22:49:08] redis_connection.INFO: Finding key search_engine_province_slug_Velilla de San Antonio data:  [] []
[2016-02-17 22:49:08] redis_connection.INFO: Finding key search_engine_province_slug_Velilla de San Antonio data:  [] []
[2016-02-17 22:49:08] redis_connection.INFO: Finding key search_engine_province_slug_Durango data:  [] []
[2016-02-17 22:49:08] redis_connection.INFO: Finding key search_engine_province_slug_Matar칩 data:  [] []
[2016-02-17 22:49:08] redis_connection.INFO: Finding key search_engine_province_slug_Matar칩 data:  [] []
[2016-02-17 22:49:08] redis_connection.INFO: Finding key search_engine_province_slug_Barcelona data:  [] []
[2016-02-17 22:49:08] redis_connection.INFO: Finding key search_engine_province_slug_Barcelona data:  [] []
[2016-02-17 22:49:08] redis_connection.INFO: Finding key search_engine_province_slug_beniparrell data:  [] []
[2016-02-17 22:49:08] redis_connection.INFO: Finding key search_engine_province_slug_Barcelona data:  [] []
[2016-02-17 22:49:08] redis_connection.INFO: Finding key search_engine_province_slug_puzol data:  [] []
[2016-02-17 22:49:08] redis_connection.INFO: Finding key search_engine_province_slug_Villalba data:  [] []
[2016-02-17 22:49:08] redis_connection.INFO: Finding key search_engine_result_url_8858371d2ac726c0d572fe73d471074f data:  [] []
[2016-02-17 22:49:08] redis_connection.INFO: Finding key search_engine_result_url_aaa511c4bc9192a29b059cc5de4040c1 data:  [] []
[2016-02-17 22:49:08] redis_connection.INFO: Finding key search_engine_result_url_5c0dbc0f66c8d6b9e19e69b6baace68d data:  [] []
[2016-02-17 22:49:08] redis_connection.INFO: Finding key search_engine_result_url_10d853bd5b14d194c6992f071fe7403d data:  [] []
[2016-02-17 22:49:08] redis_connection.INFO: Finding key search_engine_result_url_17e4fb01ff09531d804732450461e1b6 data:  [] []
[2016-02-17 22:49:08] redis_connection.INFO: Finding key search_engine_result_url_5a752bab90192293b85b65cd072a0a0f data:  [] []
[2016-02-17 22:49:08] redis_connection.INFO: Finding key search_engine_result_url_059bd0a460f02dc76110efabdf10da54 data:  [] []
[2016-02-17 22:49:08] redis_connection.INFO: Finding key search_engine_result_url_b7c27edee59e56b6a6cb4be7f62f4bf6 data:  [] []
[2016-02-17 22:49:08] redis_connection.INFO: Finding key search_engine_result_url_d7cf2b8ad01d812ef418778450e5fcdb data:  [] []
[2016-02-17 22:49:08] redis_connection.INFO: Finding key search_engine_result_url_29fa4900282b08fddb130708b5c0ae5d data:  [] []
[2016-02-17 22:49:08] redis_connection.INFO: Finding key search_engine_result_url_b0afb1db6cee63f00483437b3b01de9d data:  [] []
[2016-02-17 22:49:08] redis_connection.INFO: Finding key search_engine_result_url_d602e758f55c3b20cf179f77e33160a2 data:  [] []
[2016-02-17 22:49:08] redis_connection.INFO: Finding key search_engine_result_url_bd2d28e04981790874e15b5ad882d2d4 data:  [] []
[2016-02-17 22:49:08] redis_connection.INFO: Finding key search_engine_result_url_d975b8f5d32cbe9fa8304cb4c984db13 data:  [] []
[2016-02-17 22:49:08] redis_connection.INFO: Finding key search_engine_result_url_2cac32c60bcdc987a7e03ba9705d944c data:  [] []
[2016-02-17 22:49:08] redis_connection.INFO: Finding key search_engine_result_url_0b138f002e0eb84829f8655bfbe250d2 data:  [] []
[2016-02-17 22:49:08] redis_connection.INFO: Finding key search_engine_result_url_4225ce9df5a0afadbdcd8e4d6ab9b354 data:  [] []
[2016-02-17 22:49:08] redis_connection.INFO: Finding key search_engine_result_url_170a2ecf8f12d447a11187bb25754e3a data:  [] []
[2016-02-17 22:49:08] redis_connection.INFO: Finding key search_engine_result_url_b01de303964fca80cf9e23e6792250cb data:  [] []
[2016-02-17 22:49:08] redis_connection.INFO: Finding key search_engine_result_url_c0c1bbaaa5da74ec88ff23f99d82899c data:  [] []
[2016-02-17 22:49:08] redis_connection.INFO: Storing new key search_engine_result_url_8858371d2ac726c0d572fe73d471074f FOR $timeout miliseconds, data: ["60"] [] []
[2016-02-17 22:49:08] redis_connection.INFO: Storing new key search_engine_result_url_aaa511c4bc9192a29b059cc5de4040c1 FOR $timeout miliseconds, data: ["61"] [] []
[2016-02-17 22:49:08] redis_connection.INFO: Storing new key search_engine_result_url_5c0dbc0f66c8d6b9e19e69b6baace68d FOR $timeout miliseconds, data: ["62"] [] []
[2016-02-17 22:49:08] redis_connection.INFO: Storing new key search_engine_result_url_10d853bd5b14d194c6992f071fe7403d FOR $timeout miliseconds, data: ["63"] [] []
[2016-02-17 22:49:08] redis_connection.INFO: Storing new key search_engine_result_url_17e4fb01ff09531d804732450461e1b6 FOR $timeout miliseconds, data: ["64"] [] []
[2016-02-17 22:49:08] redis_connection.INFO: Storing new key search_engine_result_url_5a752bab90192293b85b65cd072a0a0f FOR $timeout miliseconds, data: ["65"] [] []
[2016-02-17 22:49:08] redis_connection.INFO: Storing new key search_engine_result_url_059bd0a460f02dc76110efabdf10da54 FOR $timeout miliseconds, data: ["66"] [] []
[2016-02-17 22:49:08] redis_connection.INFO: Storing new key search_engine_result_url_b7c27edee59e56b6a6cb4be7f62f4bf6 FOR $timeout miliseconds, data: ["67"] [] []
[2016-02-17 22:49:08] redis_connection.INFO: Storing new key search_engine_result_url_d7cf2b8ad01d812ef418778450e5fcdb FOR $timeout miliseconds, data: ["68"] [] []
[2016-02-17 22:49:08] redis_connection.INFO: Storing new key search_engine_result_url_29fa4900282b08fddb130708b5c0ae5d FOR $timeout miliseconds, data: ["69"] [] []
[2016-02-17 22:49:08] redis_connection.INFO: Storing new key search_engine_result_url_b0afb1db6cee63f00483437b3b01de9d FOR $timeout miliseconds, data: ["70"] [] []
[2016-02-17 22:49:08] redis_connection.INFO: Storing new key search_engine_result_url_d602e758f55c3b20cf179f77e33160a2 FOR $timeout miliseconds, data: ["71"] [] []
[2016-02-17 22:49:08] redis_connection.INFO: Storing new key search_engine_result_url_bd2d28e04981790874e15b5ad882d2d4 FOR $timeout miliseconds, data: ["72"] [] []
[2016-02-17 22:49:08] redis_connection.INFO: Storing new key search_engine_result_url_d975b8f5d32cbe9fa8304cb4c984db13 FOR $timeout miliseconds, data: ["73"] [] []
[2016-02-17 22:49:08] redis_connection.INFO: Storing new key search_engine_result_url_2cac32c60bcdc987a7e03ba9705d944c FOR $timeout miliseconds, data: ["74"] [] []
[2016-02-17 22:49:08] redis_connection.INFO: Storing new key search_engine_result_url_0b138f002e0eb84829f8655bfbe250d2 FOR $timeout miliseconds, data: ["75"] [] []
[2016-02-17 22:49:08] redis_connection.INFO: Storing new key search_engine_result_url_4225ce9df5a0afadbdcd8e4d6ab9b354 FOR $timeout miliseconds, data: ["76"] [] []
[2016-02-17 22:49:08] redis_connection.INFO: Storing new key search_engine_result_url_170a2ecf8f12d447a11187bb25754e3a FOR $timeout miliseconds, data: ["77"] [] []
[2016-02-17 22:49:08] redis_connection.INFO: Storing new key search_engine_result_url_b01de303964fca80cf9e23e6792250cb FOR $timeout miliseconds, data: ["78"] [] []
[2016-02-17 22:49:08] redis_connection.INFO: Storing new key search_engine_result_url_c0c1bbaaa5da74ec88ff23f99d82899c FOR $timeout miliseconds, data: ["79"] [] []
[2016-02-17 23:04:16] redis_connection.INFO: Finding key search_engine_result_url_74677f7a425e519c7bcb11b39df6a7ae data:  [] []
[2016-02-17 23:04:16] redis_connection.INFO: Finding key search_engine_result_url_de39cdca84b4bf5eccfd293fc82b0b42 data:  [] []
[2016-02-17 23:04:16] redis_connection.INFO: Finding key search_engine_result_url_2f52b961749292c1eb9efcf8af73782a data:  [] []
[2016-02-17 23:04:16] redis_connection.INFO: Finding key search_engine_result_url_d364667bc68b4652e90b0d8e23857747 data:  [] []
[2016-02-17 23:04:16] redis_connection.INFO: Finding key search_engine_result_url_49633e6050ab2d3f406e84f3b7564e0f data:  [] []
[2016-02-17 23:04:16] redis_connection.INFO: Finding key search_engine_result_url_3b21b6fb583b29a8fc77c0f81848ad24 data:  [] []
[2016-02-17 23:04:16] redis_connection.INFO: Finding key search_engine_result_url_ab081b7f2e1811241a4347eebaea197b data:  [] []
[2016-02-17 23:04:16] redis_connection.INFO: Finding key search_engine_result_url_76893a0fe79a762c598275033fd68eef data:  [] []
[2016-02-17 23:04:16] redis_connection.INFO: Finding key search_engine_result_url_1bca9bd6c4b9c7900eb48e5a0adfecfc data:  [] []
[2016-02-17 23:04:16] redis_connection.INFO: Finding key search_engine_result_url_28abd26d03f6900bfe43b0c85f672bc7 data:  [] []
[2016-02-17 23:04:16] redis_connection.INFO: Finding key search_engine_result_url_5d58edee2d0ecff09a02a8a075c2c8df data:  [] []
[2016-02-17 23:04:16] redis_connection.INFO: Finding key search_engine_result_url_c7ab6a10f8a3f50798a1a44a4a9b5695 data:  [] []
[2016-02-17 23:04:16] redis_connection.INFO: Finding key search_engine_result_url_b41ac7b41c73dddfd606f2ed32014cc2 data:  [] []
[2016-02-17 23:04:16] redis_connection.INFO: Finding key search_engine_result_url_3a88a98a4b3c6d9256431906f2b0cc9b data:  [] []
[2016-02-17 23:04:16] redis_connection.INFO: Finding key search_engine_result_url_6fe9bfee434079215319a5f602cea1a6 data:  [] []
[2016-02-17 23:04:16] redis_connection.INFO: Finding key search_engine_result_url_e9c6832be81eadd8cf32d4b4854cdf84 data:  [] []
[2016-02-17 23:04:16] redis_connection.INFO: Finding key search_engine_result_url_6348657a51d8ec445b74bd622149a4b1 data:  [] []
[2016-02-17 23:04:16] redis_connection.INFO: Finding key search_engine_result_url_3a5f6d46e77b3bdf9801508164af60ab data:  [] []
[2016-02-17 23:04:16] redis_connection.INFO: Finding key search_engine_result_url_a50703b77a1e483d69ec65b5057e17ed data:  [] []
[2016-02-17 23:04:16] redis_connection.INFO: Finding key search_engine_result_url_198106d8e5e8754396b9d19788785ab4 data:  [] []
[2016-02-17 23:04:16] redis_connection.INFO: Finding key search_engine_result_url_9534d0bc2a4a38cd2725d90dfa254528 data:  [] []
[2016-02-17 23:04:16] redis_connection.INFO: Finding key search_engine_result_url_afc034af83b81e192289eebc69975580 data:  [] []
[2016-02-17 23:04:16] redis_connection.INFO: Finding key search_engine_result_url_8f644ee762d967de4959a86059984a34 data:  [] []
[2016-02-17 23:04:16] redis_connection.INFO: Finding key search_engine_result_url_2a1b4fbaee4ffad7c056c78051693409 data:  [] []
[2016-02-17 23:04:16] redis_connection.INFO: Finding key search_engine_result_url_6bf7e42e36c152170523c3d9aa9bc60a data:  [] []
[2016-02-17 23:04:16] redis_connection.INFO: Finding key search_engine_result_url_1d2a2a577d84cc40e888071f6e5142c2 data:  [] []
[2016-02-17 23:04:16] redis_connection.INFO: Finding key search_engine_result_url_55a2eed12d5121e1a906dd3f2eb2be99 data:  [] []
[2016-02-17 23:04:16] redis_connection.INFO: Finding key search_engine_result_url_62a8bd0d097ed77a5a4d51fd2543496c data:  [] []
[2016-02-17 23:04:16] redis_connection.INFO: Finding key search_engine_result_url_9d36e71af7f75f38326ca6047f6964f0 data:  [] []
[2016-02-17 23:04:16] redis_connection.INFO: Finding key search_engine_result_url_b00ebf4373de18a40b187764ae6e21f3 data:  [] []
[2016-02-17 23:04:16] redis_connection.INFO: Storing new key search_engine_result_url_74677f7a425e519c7bcb11b39df6a7ae FOR $timeout miliseconds, data: [false] [] []
[2016-02-17 23:04:16] redis_connection.INFO: Storing new key search_engine_result_url_de39cdca84b4bf5eccfd293fc82b0b42 FOR $timeout miliseconds, data: [false] [] []
[2016-02-17 23:04:16] redis_connection.INFO: Storing new key search_engine_result_url_2f52b961749292c1eb9efcf8af73782a FOR $timeout miliseconds, data: [false] [] []
[2016-02-17 23:04:16] redis_connection.INFO: Storing new key search_engine_result_url_d364667bc68b4652e90b0d8e23857747 FOR $timeout miliseconds, data: [false] [] []
[2016-02-17 23:04:16] redis_connection.INFO: Storing new key search_engine_result_url_49633e6050ab2d3f406e84f3b7564e0f FOR $timeout miliseconds, data: [false] [] []
[2016-02-17 23:04:16] redis_connection.INFO: Storing new key search_engine_result_url_3b21b6fb583b29a8fc77c0f81848ad24 FOR $timeout miliseconds, data: [false] [] []
[2016-02-17 23:04:16] redis_connection.INFO: Storing new key search_engine_result_url_ab081b7f2e1811241a4347eebaea197b FOR $timeout miliseconds, data: [false] [] []
[2016-02-17 23:04:16] redis_connection.INFO: Storing new key search_engine_result_url_76893a0fe79a762c598275033fd68eef FOR $timeout miliseconds, data: [false] [] []
[2016-02-17 23:04:16] redis_connection.INFO: Storing new key search_engine_result_url_1bca9bd6c4b9c7900eb48e5a0adfecfc FOR $timeout miliseconds, data: [false] [] []
[2016-02-17 23:04:16] redis_connection.INFO: Storing new key search_engine_result_url_28abd26d03f6900bfe43b0c85f672bc7 FOR $timeout miliseconds, data: [false] [] []
[2016-02-17 23:04:16] redis_connection.INFO: Storing new key search_engine_result_url_5d58edee2d0ecff09a02a8a075c2c8df FOR $timeout miliseconds, data: [false] [] []
[2016-02-17 23:04:16] redis_connection.INFO: Storing new key search_engine_result_url_c7ab6a10f8a3f50798a1a44a4a9b5695 FOR $timeout miliseconds, data: [false] [] []
[2016-02-17 23:04:16] redis_connection.INFO: Storing new key search_engine_result_url_b41ac7b41c73dddfd606f2ed32014cc2 FOR $timeout miliseconds, data: [false] [] []
[2016-02-17 23:04:16] redis_connection.INFO: Storing new key search_engine_result_url_3a88a98a4b3c6d9256431906f2b0cc9b FOR $timeout miliseconds, data: [false] [] []
[2016-02-17 23:04:16] redis_connection.INFO: Storing new key search_engine_result_url_6fe9bfee434079215319a5f602cea1a6 FOR $timeout miliseconds, data: [false] [] []
[2016-02-17 23:04:16] redis_connection.INFO: Storing new key search_engine_result_url_e9c6832be81eadd8cf32d4b4854cdf84 FOR $timeout miliseconds, data: [false] [] []
[2016-02-17 23:04:16] redis_connection.INFO: Storing new key search_engine_result_url_6348657a51d8ec445b74bd622149a4b1 FOR $timeout miliseconds, data: [false] [] []
[2016-02-17 23:04:16] redis_connection.INFO: Storing new key search_engine_result_url_3a5f6d46e77b3bdf9801508164af60ab FOR $timeout miliseconds, data: [false] [] []
[2016-02-17 23:04:16] redis_connection.INFO: Storing new key search_engine_result_url_a50703b77a1e483d69ec65b5057e17ed FOR $timeout miliseconds, data: [false] [] []
[2016-02-17 23:04:16] redis_connection.INFO: Storing new key search_engine_result_url_198106d8e5e8754396b9d19788785ab4 FOR $timeout miliseconds, data: [false] [] []
[2016-02-17 23:04:16] redis_connection.INFO: Storing new key search_engine_result_url_9534d0bc2a4a38cd2725d90dfa254528 FOR $timeout miliseconds, data: [false] [] []
[2016-02-17 23:04:16] redis_connection.INFO: Storing new key search_engine_result_url_afc034af83b81e192289eebc69975580 FOR $timeout miliseconds, data: [false] [] []
[2016-02-17 23:04:16] redis_connection.INFO: Storing new key search_engine_result_url_8f644ee762d967de4959a86059984a34 FOR $timeout miliseconds, data: [false] [] []
[2016-02-17 23:04:16] redis_connection.INFO: Storing new key search_engine_result_url_2a1b4fbaee4ffad7c056c78051693409 FOR $timeout miliseconds, data: [false] [] []
[2016-02-17 23:04:16] redis_connection.INFO: Storing new key search_engine_result_url_6bf7e42e36c152170523c3d9aa9bc60a FOR $timeout miliseconds, data: [false] [] []
[2016-02-17 23:04:16] redis_connection.INFO: Storing new key search_engine_result_url_1d2a2a577d84cc40e888071f6e5142c2 FOR $timeout miliseconds, data: [false] [] []
[2016-02-17 23:04:16] redis_connection.INFO: Storing new key search_engine_result_url_55a2eed12d5121e1a906dd3f2eb2be99 FOR $timeout miliseconds, data: [false] [] []
[2016-02-17 23:04:16] redis_connection.INFO: Storing new key search_engine_result_url_62a8bd0d097ed77a5a4d51fd2543496c FOR $timeout miliseconds, data: [false] [] []
[2016-02-17 23:04:16] redis_connection.INFO: Storing new key search_engine_result_url_9d36e71af7f75f38326ca6047f6964f0 FOR $timeout miliseconds, data: [false] [] []
[2016-02-17 23:04:16] redis_connection.INFO: Storing new key search_engine_result_url_b00ebf4373de18a40b187764ae6e21f3 FOR $timeout miliseconds, data: [false] [] []
[2016-02-21 10:43:41] redis_connection.INFO: Finding key search_engine_brand_active_brands data:  [] []
[2016-02-21 10:43:41] redis_connection.INFO: Finding key search_engine_province_unique_a528640d5de3eafa0b2163ffb694ebc6 data:  [] []
[2016-02-21 10:46:07] redis_connection.INFO: Finding key search_engine_province_unique_a528640d5de3eafa0b2163ffb694ebc6 data:  [] []
[2016-02-21 10:46:07] redis_connection.INFO: Finding key search_engine_brand_active_brands data:  [] []
[2016-03-10 12:18:32] redis_connection.INFO: Finding key search_engine_province_unique_a528640d5de3eafa0b2163ffb694ebc6 data:  [] []
[2016-03-10 12:18:32] redis_connection.INFO: Finding key search_engine_brand_active_brands data:  [] []
[2016-03-10 12:23:04] redis_connection.INFO: Finding key search_engine_brand_active_brands data:  [] []
[2016-03-10 12:23:04] redis_connection.INFO: Finding key search_engine_province_unique_a528640d5de3eafa0b2163ffb694ebc6 data:  [] []
[2016-03-10 12:45:20] redis_connection.INFO: Finding key search_engine_result_url_ddfc750bdb1bbc0d2db0757afeeab3af data:  [] []
[2016-03-10 12:45:31] redis_connection.INFO: Finding key search_engine_result_url_8c8e6b30b5a54280520c33b97bd88d42 data:  [] []
[2016-03-10 12:45:36] redis_connection.INFO: Finding key search_engine_result_url_8c8e6b30b5a54280520c33b97bd88d42 data:  [] []
[2016-03-14 22:42:21] redis_connection.INFO: Finding key search_engine_brand_active_brands data:  [] []
[2016-03-14 22:42:23] redis_connection.INFO: Finding key search_engine_province_unique_a528640d5de3eafa0b2163ffb694ebc6 data:  [] []
[2016-03-16 15:11:43] redis_connection.INFO: Finding key search_engine_brand_active_brands data:  [] []
[2016-03-16 15:11:43] redis_connection.INFO: Finding key search_engine_province_unique_a528640d5de3eafa0b2163ffb694ebc6 data:  [] []
[2016-03-18 20:20:10] redis_connection.INFO: Finding key search_engine_brand_active_brands data:  [] []
[2016-03-18 20:20:10] redis_connection.INFO: Finding key search_engine_province_unique_a528640d5de3eafa0b2163ffb694ebc6 data:  [] []
[2016-03-18 20:25:44] redis_connection.INFO: Finding key search_engine_province_unique_a528640d5de3eafa0b2163ffb694ebc6 data:  [] []
[2016-03-18 20:25:46] redis_connection.INFO: Finding key search_engine_brand_active_brands data:  [] []
