[2016-02-08 22:52:21] search_engine.INFO: Storing new search: 3 [] []
[2016-02-08 22:52:21] search_engine.INFO: Starting to crawl  search 3 [] []
[2016-02-08 22:52:21] search_engine.INFO: Crawling provider autocasion for search 3 [] []
[2016-02-08 22:52:21] search_engine.INFO: Processing provider: autocasion [] []
[2016-02-08 22:52:23] search_engine.INFO: [PROVIDER-REQUEST][AUTOCASION] - http://www.autocasion.com/coches-segunda-mano?potencia_hasta=500 [] []
[2016-02-08 22:52:23] search_engine.INFO: starting to adding results [] []
[2016-02-08 22:52:23] search_engine.INFO: Adding results for search search: 3 [] []
[2016-02-08 22:55:32] search_engine.INFO: Storing new search: 4 [] []
[2016-02-08 22:55:32] search_engine.INFO: Starting to crawl  search 4 [] []
[2016-02-08 22:55:32] search_engine.INFO: Crawling provider autocasion for search 4 [] []
[2016-02-08 22:55:32] search_engine.INFO: Processing provider: autocasion [] []
[2016-02-08 22:55:34] search_engine.INFO: [PROVIDER-REQUEST][AUTOCASION] - http://www.autocasion.com/coches-segunda-mano?potencia_hasta=500 [] []
[2016-02-08 22:55:35] search_engine.INFO: starting to adding results [] []
[2016-02-08 22:55:35] search_engine.INFO: Adding results for search search: 4 [] []
[2016-02-08 22:55:35] search_engine.INFO: Provider autocasion was successfully processed for search 4 [] []
[2016-02-08 22:55:35] search_engine.INFO: Crawling provider autoscout for search 4 [] []
[2016-02-08 22:55:35] search_engine.INFO: Processing provider: autoscout [] []
[2016-02-08 22:55:38] search_engine.INFO: [PROVIDER-REQUEST][AUTOSCOUT] - http://ww4.autoscout24.es/?atype=C&cy=E&powerto=373&sort=publishedAt&page=1 [] []
[2016-02-08 22:55:38] search_engine.INFO: starting to adding results [] []
[2016-02-08 22:55:38] search_engine.INFO: Adding results for search search: 4 [] []
[2016-02-08 22:55:58] search_engine.INFO: Storing new search: 5 [] []
[2016-02-08 22:55:58] search_engine.INFO: Starting to crawl  search 5 [] []
[2016-02-08 22:55:58] search_engine.INFO: Crawling provider autocasion for search 5 [] []
[2016-02-08 22:55:58] search_engine.INFO: Processing provider: autocasion [] []
[2016-02-08 22:55:59] search_engine.INFO: Finding search: undefined [] []
[2016-02-08 22:56:03] search_engine.INFO: [PROVIDER-REQUEST][AUTOCASION] - http://www.autocasion.com/coches-segunda-mano?potencia_hasta=500 [] []
[2016-02-08 22:56:03] search_engine.INFO: starting to adding results [] []
[2016-02-08 22:56:03] search_engine.INFO: Adding results for search search: 5 [] []
[2016-02-08 22:56:03] search_engine.INFO: Provider autocasion was successfully processed for search 5 [] []
[2016-02-08 22:56:03] search_engine.INFO: Crawling provider autoscout for search 5 [] []
[2016-02-08 22:56:03] search_engine.INFO: Processing provider: autoscout [] []
[2016-02-08 22:56:04] search_engine.INFO: [PROVIDER-REQUEST][AUTOSCOUT] - http://ww4.autoscout24.es/?atype=C&cy=E&powerto=373&sort=publishedAt&page=1 [] []
[2016-02-08 22:56:04] search_engine.INFO: starting to adding results [] []
[2016-02-08 22:56:04] search_engine.INFO: Adding results for search search: 5 [] []
[2016-02-17 22:48:56] search_engine.INFO: Storing new search:  [] []
[2016-02-17 22:48:56] search_engine.INFO: starting to adding results [] []
[2016-02-17 22:48:56] search_engine.INFO: Starting to crawl  search  [] []
[2016-02-17 22:48:56] search_engine.INFO: Crawling provider autocasion on page 1 for search 0 [] []
[2016-02-17 22:48:56] search_engine.INFO: Processing provider: autocasion [] []
[2016-02-17 22:49:03] search_engine.INFO: [PROVIDER-REQUEST][AUTOCASION] - http://www.autocasion.com/coches-segunda-mano?potencia_hasta=500 [] []
[2016-02-17 22:49:05] search_engine.INFO: Result crawled is fresh [] []
[2016-02-17 22:49:05] search_engine.INFO: Result crawled is fresh [] []
[2016-02-17 22:49:05] search_engine.INFO: Result crawled is fresh [] []
[2016-02-17 22:49:05] search_engine.INFO: Result crawled is fresh [] []
[2016-02-17 22:49:05] search_engine.INFO: Result crawled is fresh [] []
[2016-02-17 22:49:05] search_engine.INFO: Result crawled is fresh [] []
[2016-02-17 22:49:05] search_engine.INFO: Result crawled is fresh [] []
[2016-02-17 22:49:05] search_engine.INFO: Result crawled is fresh [] []
[2016-02-17 22:49:05] search_engine.INFO: Result crawled is fresh [] []
[2016-02-17 22:49:05] search_engine.INFO: Result crawled is fresh [] []
[2016-02-17 22:49:05] search_engine.INFO: Result crawled is fresh [] []
[2016-02-17 22:49:05] search_engine.INFO: Result crawled is fresh [] []
[2016-02-17 22:49:05] search_engine.INFO: Result crawled is fresh [] []
[2016-02-17 22:49:05] search_engine.INFO: Result crawled is fresh [] []
[2016-02-17 22:49:05] search_engine.INFO: Result crawled is fresh [] []
[2016-02-17 22:49:05] search_engine.INFO: starting to adding results [] []
[2016-02-17 22:49:05] search_engine.INFO: Adding results for search search:  [] []
[2016-02-17 22:49:05] search_engine.ERROR: Provider autocasion thrown a error 0 [] []
[2016-02-17 22:49:05] search_engine.INFO: Crawling provider autoscout on page 1 for search 0 [] []
[2016-02-17 22:49:05] search_engine.INFO: Processing provider: autoscout [] []
[2016-02-17 22:49:08] search_engine.INFO: [PROVIDER-REQUEST][AUTOSCOUT] - http://ww4.autoscout24.es/?atype=C&cy=E&powerto=373&sort=publishedAt&page=1 [] []
[2016-02-17 22:49:08] search_engine.INFO: Result crawled is fresh [] []
[2016-02-17 22:49:08] search_engine.INFO: Result crawled is fresh [] []
[2016-02-17 22:49:08] search_engine.INFO: Result crawled is fresh [] []
[2016-02-17 22:49:08] search_engine.INFO: Result crawled is fresh [] []
[2016-02-17 22:49:08] search_engine.INFO: Result crawled is fresh [] []
[2016-02-17 22:49:08] search_engine.INFO: Result crawled is fresh [] []
[2016-02-17 22:49:08] search_engine.INFO: Result crawled is fresh [] []
[2016-02-17 22:49:08] search_engine.INFO: Result crawled is fresh [] []
[2016-02-17 22:49:08] search_engine.INFO: Result crawled is fresh [] []
[2016-02-17 22:49:08] search_engine.INFO: Result crawled is fresh [] []
[2016-02-17 22:49:08] search_engine.INFO: Result crawled is fresh [] []
[2016-02-17 22:49:08] search_engine.INFO: Result crawled is fresh [] []
[2016-02-17 22:49:08] search_engine.INFO: Result crawled is fresh [] []
[2016-02-17 22:49:08] search_engine.INFO: Result crawled is fresh [] []
[2016-02-17 22:49:08] search_engine.INFO: Result crawled is fresh [] []
[2016-02-17 22:49:08] search_engine.INFO: Result crawled is fresh [] []
[2016-02-17 22:49:08] search_engine.INFO: Result crawled is fresh [] []
[2016-02-17 22:49:08] search_engine.INFO: Result crawled is fresh [] []
[2016-02-17 22:49:08] search_engine.INFO: Result crawled is fresh [] []
[2016-02-17 22:49:08] search_engine.INFO: Result crawled is fresh [] []
[2016-02-17 22:49:08] search_engine.INFO: starting to adding results [] []
[2016-02-17 22:49:08] search_engine.INFO: Adding results for search search:  [] []
[2016-02-17 22:49:08] search_engine.ERROR: Provider autoscout thrown a error 0 [] []
[2016-02-17 22:49:08] search_engine.INFO: Crawling provider cochesnet on page 1 for search 0 [] []
[2016-02-17 22:49:08] search_engine.INFO: Processing provider: cochesnet [] []
[2016-02-17 23:04:16] search_engine.INFO: [PROVIDER-REQUEST][COCHESNET] - http://www.coches.net/coches-de-ocasion.aspx?MinKms=0&pg=1&fi=SortDate&or=-1 [] []
[2016-02-17 23:04:16] search_engine.INFO: Result crawled is fresh [] []
[2016-02-17 23:04:16] search_engine.INFO: Result crawled is fresh [] []
[2016-02-17 23:04:16] search_engine.INFO: Result crawled is fresh [] []
[2016-02-17 23:04:16] search_engine.INFO: Result crawled is fresh [] []
[2016-02-17 23:04:16] search_engine.INFO: Result crawled is fresh [] []
[2016-02-17 23:04:16] search_engine.INFO: Result crawled is fresh [] []
[2016-02-17 23:04:16] search_engine.INFO: Result crawled is fresh [] []
[2016-02-17 23:04:16] search_engine.INFO: Result crawled is fresh [] []
[2016-02-17 23:04:16] search_engine.INFO: Result crawled is fresh [] []
[2016-02-17 23:04:16] search_engine.INFO: Result crawled is fresh [] []
[2016-02-17 23:04:16] search_engine.INFO: Result crawled is fresh [] []
[2016-02-17 23:04:16] search_engine.INFO: Result crawled is fresh [] []
[2016-02-17 23:04:16] search_engine.INFO: Result crawled is fresh [] []
[2016-02-17 23:04:16] search_engine.INFO: Result crawled is fresh [] []
[2016-02-17 23:04:16] search_engine.INFO: Result crawled is fresh [] []
[2016-02-17 23:04:16] search_engine.INFO: Result crawled is fresh [] []
[2016-02-17 23:04:16] search_engine.INFO: Result crawled is fresh [] []
[2016-02-17 23:04:16] search_engine.INFO: Result crawled is fresh [] []
[2016-02-17 23:04:16] search_engine.INFO: Result crawled is fresh [] []
[2016-02-17 23:04:16] search_engine.INFO: Result crawled is fresh [] []
[2016-02-17 23:04:16] search_engine.INFO: Result crawled is fresh [] []
[2016-02-17 23:04:16] search_engine.INFO: Result crawled is fresh [] []
[2016-02-17 23:04:16] search_engine.INFO: Result crawled is fresh [] []
[2016-02-17 23:04:16] search_engine.INFO: Result crawled is fresh [] []
[2016-02-17 23:04:16] search_engine.INFO: Result crawled is fresh [] []
[2016-02-17 23:04:16] search_engine.INFO: Result crawled is fresh [] []
[2016-02-17 23:04:16] search_engine.INFO: Result crawled is fresh [] []
[2016-02-17 23:04:16] search_engine.INFO: Result crawled is fresh [] []
[2016-02-17 23:04:16] search_engine.INFO: Result crawled is fresh [] []
[2016-02-17 23:04:16] search_engine.INFO: Result crawled is fresh [] []
[2016-02-17 23:04:16] search_engine.INFO: starting to adding results [] []
[2016-02-17 23:04:16] search_engine.INFO: Adding results for search search:  [] []
[2016-02-17 23:04:16] search_engine.ERROR: Provider cochesnet thrown a error 0 [] []
[2016-02-17 23:04:16] search_engine.INFO: Finding search:  [] []
[2016-03-10 12:45:20] search_engine.INFO: Processing result on url: http://autoklase.com/#!/anuncio/8540/201 [] []
[2016-03-10 12:45:31] search_engine.INFO: Processing result on url: http://www.coches.net/bmw-serie-3-320d-efficientdynamics-edition-luxury-4p-diesel-2012-en-madrid-31301393-covo.aspx [] []
[2016-03-10 12:45:36] search_engine.INFO: Processing result on url: http://www.coches.net/bmw-serie-3-320d-efficientdynamics-edition-luxury-4p-diesel-2012-en-madrid-31301393-covo.aspx [] []
